2024-01-29 16:01:05,465 [INFO] Activator:176 - 


2024-01-29 16:01:05,467 [INFO] Activator:177 - !SESSION log4j initialized
2024-01-29 16:01:08,122 [INFO] LogOutputStream:77 - [STDOUT_REDIRECT] 
2024-01-29 16:01:10,850 [INFO] ApplicationProperties:184 - Using Application install path: C:\ST\STM32CubeIDE_1.12.1\STM32CubeIDE\plugins\com.st.stm32cube.common.mx_6.8.1.202304191431
2024-01-29 16:01:10,874 [INFO] DbMcusXml:78 - Set database path to: C:\ST\STM32CubeIDE_1.12.1\STM32CubeIDE\plugins\com.st.stm32cube.common.mx_6.8.1.202304191431\\db\/mcu/
2024-01-29 16:01:10,875 [INFO] ApiDb:274 - Set plugin database path to: C:\ST\STM32CubeIDE_1.12.1\STM32CubeIDE\plugins\com.st.stm32cube.common.mx_6.8.1.202304191431\\db\/plugins/boardmanager/
2024-01-29 16:01:10,878 [WARN] ApiDb:259 - Overriding images path with different value:  => C:\ST\STM32CubeIDE_1.12.1\STM32CubeIDE\plugins\com.st.stm32cube.common.mx_6.8.1.202304191431\\db\/plugins/mcufinder/images/
2024-01-29 16:01:10,898 [INFO] ApiDb:250 - Set database path to: C:\Users\ADMIN\.stmcufinder\plugins\mcufinder//mcu/
2024-01-29 16:01:10,899 [INFO] DbMcusAds:125 - Set database path to: C:\Users\ADMIN\.stmcufinder\plugins\mcufinder//mcu/
2024-01-29 16:01:14,545 [INFO] CrossReferenceDbSqlite:203 - Set database path to: C:\Users\ADMIN\.stmcufinder\plugins\mcufinder//mcu/cs/
2024-01-29 16:01:14,696 [INFO] RulesReader:64 - Compatibility file has been processed (293 Rules)
2024-01-29 16:01:14,828 [INFO] DbMcusXml:78 - Set database path to: C:\ST\STM32CubeIDE_1.12.1\STM32CubeIDE\plugins\com.st.stm32cube.common.mx_6.8.1.202304191431\\db\/mcu/
2024-01-29 16:01:14,828 [INFO] ApiDb:274 - Set plugin database path to: C:\ST\STM32CubeIDE_1.12.1\STM32CubeIDE\plugins\com.st.stm32cube.common.mx_6.8.1.202304191431\\db\/plugins/boardmanager/
2024-01-29 16:01:14,828 [INFO] ApiDb:261 - Set plugin images path to: C:\ST\STM32CubeIDE_1.12.1\STM32CubeIDE\plugins\com.st.stm32cube.common.mx_6.8.1.202304191431\\db\/plugins/mcufinder/images/
2024-01-29 16:01:14,828 [WARN] DbFile:41 - Overriding database path with different value: C:\Users\ADMIN\.stmcufinder\plugins\mcufinder/ => C:\Users\ADMIN\.stmcufinder\plugins\mcufinder
2024-01-29 16:01:14,830 [INFO] ApiDb:250 - Set database path to: C:\Users\ADMIN\.stmcufinder\plugins\mcufinder//mcu/
2024-01-29 16:01:14,830 [WARN] DbFile:41 - Overriding database path with different value: C:\Users\ADMIN\.stmcufinder\plugins\mcufinder/ => C:\Users\ADMIN\.stmcufinder\plugins\mcufinder
2024-01-29 16:01:14,830 [INFO] DbMcusAds:125 - Set database path to: C:\Users\ADMIN\.stmcufinder\plugins\mcufinder//mcu/
2024-01-29 16:01:14,830 [WARN] DbFile:41 - Overriding database path with different value: C:\Users\ADMIN\.stmcufinder\plugins\mcufinder/ => C:\Users\ADMIN\.stmcufinder\plugins\mcufinder
2024-01-29 16:01:14,830 [WARN] DbFile:41 - Overriding database path with different value: C:\Users\ADMIN\.stmcufinder\plugins\mcufinder/ => C:\Users\ADMIN\.stmcufinder\plugins\mcufinder
2024-01-29 16:01:15,542 [INFO] CrossReferenceDbSqlite:203 - Set database path to: C:\Users\ADMIN\.stmcufinder\plugins\mcufinder//mcu/cs/
2024-01-29 16:01:15,630 [INFO] MainPanel:253 - HeapMemory: 268435456
2024-01-29 16:01:15,742 [INFO] DbMcusXml:78 - Set database path to: C:\ST\STM32CubeIDE_1.12.1\STM32CubeIDE\plugins\com.st.stm32cube.common.mx_6.8.1.202304191431\\db\/mcu/
2024-01-29 16:01:15,742 [INFO] ApiDb:274 - Set plugin database path to: C:\ST\STM32CubeIDE_1.12.1\STM32CubeIDE\plugins\com.st.stm32cube.common.mx_6.8.1.202304191431\\db\/plugins/boardmanager/
2024-01-29 16:01:15,742 [INFO] ApiDb:261 - Set plugin images path to: C:\ST\STM32CubeIDE_1.12.1\STM32CubeIDE\plugins\com.st.stm32cube.common.mx_6.8.1.202304191431\\db\/plugins/mcufinder/images/
2024-01-29 16:01:15,743 [WARN] DbFile:41 - Overriding database path with different value: C:\Users\ADMIN\.stmcufinder\plugins\mcufinder/ => C:\Users\ADMIN\.stmcufinder\plugins\mcufinder
2024-01-29 16:01:15,743 [INFO] ApiDb:250 - Set database path to: C:\Users\ADMIN\.stmcufinder\plugins\mcufinder//mcu/
2024-01-29 16:01:15,743 [WARN] DbFile:41 - Overriding database path with different value: C:\Users\ADMIN\.stmcufinder\plugins\mcufinder/ => C:\Users\ADMIN\.stmcufinder\plugins\mcufinder
2024-01-29 16:01:15,743 [INFO] DbMcusAds:125 - Set database path to: C:\Users\ADMIN\.stmcufinder\plugins\mcufinder//mcu/
2024-01-29 16:01:15,743 [WARN] DbFile:41 - Overriding database path with different value: C:\Users\ADMIN\.stmcufinder\plugins\mcufinder/ => C:\Users\ADMIN\.stmcufinder\plugins\mcufinder
2024-01-29 16:01:15,743 [WARN] DbFile:41 - Overriding database path with different value: C:\Users\ADMIN\.stmcufinder\plugins\mcufinder/ => C:\Users\ADMIN\.stmcufinder\plugins\mcufinder
2024-01-29 16:01:16,544 [INFO] CrossReferenceDbSqlite:203 - Set database path to: C:\Users\ADMIN\.stmcufinder\plugins\mcufinder//mcu/cs/
2024-01-29 16:01:16,570 [INFO] ApplicationProperties:184 - Using Application install path: C:\ST\STM32CubeIDE_1.12.1\STM32CubeIDE\plugins\com.st.stm32cube.common.mx_6.8.1.202304191431
2024-01-29 16:01:16,572 [INFO] PluginManage:196 - Search for loadable plugins [exclusion list=, ]
2024-01-29 16:01:16,574 [INFO] PluginManage:310 - Check plugin analytics
2024-01-29 16:01:17,602 [INFO] AnalyticsPlugin:253 - Accepted Software Licenses: 
2024-01-29 16:01:17,603 [INFO] AnalyticsPlugin:255 - Accepted CMSIS Pack Licenses: 
2024-01-29 16:01:17,603 [INFO] AnalyticsPlugin:257 - Accepted Firmware Licenses: FW.F4.1.27.0
2024-01-29 16:01:17,611 [INFO] PluginManage:359 - Loaded plugin analytics (category:tool,tabindex:-1)
2024-01-29 16:01:17,611 [INFO] PluginManage:310 - Check plugin cadmodel
2024-01-29 16:01:17,618 [INFO] CADModel:105 - Init CAD model plugin
2024-01-29 16:01:17,618 [INFO] PluginManage:359 - Loaded plugin cadmodel (category:power,tabindex:5)
2024-01-29 16:01:17,618 [INFO] PluginManage:310 - Check plugin clock
2024-01-29 16:01:17,631 [INFO] PluginManage:359 - Loaded plugin clock (category:base,tabindex:2)
2024-01-29 16:01:17,631 [INFO] PluginManage:310 - Check plugin ddr
2024-01-29 16:01:17,634 [INFO] PluginManage:359 - Loaded plugin ddr (category:tool,tabindex:6)
2024-01-29 16:01:17,634 [INFO] PluginManage:310 - Check plugin filemanager
2024-01-29 16:01:17,774 [INFO] PluginManage:359 - Loaded plugin filemanager (category:base,tabindex:10)
2024-01-29 16:01:17,774 [INFO] PluginManage:310 - Check plugin ipmanager
2024-01-29 16:01:17,783 [INFO] PluginManage:359 - Loaded plugin ipmanager (category:base,tabindex:5)
2024-01-29 16:01:17,783 [INFO] PluginManage:310 - Check plugin lpbam
2024-01-29 16:01:17,794 [INFO] PluginManage:359 - Loaded plugin lpbam (category:base,tabindex:0)
2024-01-29 16:01:17,794 [INFO] PluginManage:310 - Check plugin pinoutandconfiguration
2024-01-29 16:01:17,802 [INFO] PluginManage:359 - Loaded plugin pinoutandconfiguration (category:base,tabindex:1)
2024-01-29 16:01:17,802 [INFO] PluginManage:310 - Check plugin pinoutconfig
2024-01-29 16:01:17,886 [WARN] SupportedApi:132 - Cannot load RTOS API schema: s4s-elt-must-match.1: The content of 'definitions' must match (annotation?, (simpleType | complexType)?, (unique | key | keyref)*)). A problem was found starting at: attribute.
2024-01-29 16:01:18,036 [INFO] PluginManage:359 - Loaded plugin pinoutconfig (category:base,tabindex:0)
2024-01-29 16:01:18,036 [INFO] PluginManage:310 - Check plugin power
2024-01-29 16:01:18,049 [INFO] PluginManage:359 - Loaded plugin power (category:power,tabindex:4)
2024-01-29 16:01:18,049 [INFO] PluginManage:310 - Check plugin projectmanager
2024-01-29 16:01:18,066 [INFO] PluginManage:359 - Loaded plugin projectmanager (category:projectmanager,tabindex:3)
2024-01-29 16:01:18,066 [INFO] PluginManage:310 - Check plugin thirdparty
2024-01-29 16:01:18,223 [INFO] PluginManage:359 - Loaded plugin thirdparty (category:base,tabindex:-1)
2024-01-29 16:01:18,222 [WARN] IntegrityCheckThread:84 - waiting for thirdparty lock release [integrity check]
2024-01-29 16:01:18,223 [INFO] IntegrityCheckThread:86 - entering critical section [integrity check]
2024-01-29 16:01:18,223 [INFO] PluginManage:310 - Check plugin tools
2024-01-29 16:01:18,225 [INFO] ThirdPartyUpdaterWithRetryManager:70 - Updater plugin not ready yet. [1/15]
2024-01-29 16:01:18,226 [INFO] PluginManage:359 - Loaded plugin tools (category:base,tabindex:7)
2024-01-29 16:01:18,226 [INFO] PluginManage:310 - Check plugin tutovideos
2024-01-29 16:01:18,428 [INFO] PluginManage:359 - Loaded plugin tutovideos (category:base,tabindex:-1)
2024-01-29 16:01:18,429 [INFO] PluginManage:310 - Check plugin updater
2024-01-29 16:01:18,447 [INFO] PluginManage:359 - Loaded plugin updater (category:base,tabindex:12)
2024-01-29 16:01:18,448 [INFO] PluginManage:283 - PluginManage : Loaded plugins [15]
2024-01-29 16:01:18,740 [INFO] PinOutPanel:1499 - setPackage(No Configuration,No Configuration)
2024-01-29 16:01:18,815 [INFO] CADModel:165 - CPN selected for project level
2024-01-29 16:01:18,816 [INFO] CADModel:114 - Register for checkConnection events
2024-01-29 16:01:18,841 [INFO] IPUIPlugin:80 - create IPUIPlugin
2024-01-29 16:01:18,841 [INFO] PluginManager:220 - loadIPPluginJar : add adc
2024-01-29 16:01:18,844 [INFO] IPUIPlugin:80 - create IPUIPlugin
2024-01-29 16:01:18,844 [INFO] PluginManager:220 - loadIPPluginJar : add aes
2024-01-29 16:01:18,848 [INFO] IPUIPlugin:80 - create IPUIPlugin
2024-01-29 16:01:18,848 [INFO] PluginManager:220 - loadIPPluginJar : add can
2024-01-29 16:01:18,851 [INFO] IPUIPlugin:80 - create IPUIPlugin
2024-01-29 16:01:18,851 [INFO] PluginManager:220 - loadIPPluginJar : add comp
2024-01-29 16:01:18,854 [INFO] IPUIPlugin:80 - create IPUIPlugin
2024-01-29 16:01:18,854 [INFO] PluginManager:220 - loadIPPluginJar : add cryp
2024-01-29 16:01:18,857 [INFO] IPUIPlugin:80 - create IPUIPlugin
2024-01-29 16:01:18,857 [INFO] PluginManager:220 - loadIPPluginJar : add dfsdm
2024-01-29 16:01:18,864 [INFO] IPUIPlugin:80 - create IPUIPlugin
2024-01-29 16:01:18,865 [INFO] PluginManager:220 - loadIPPluginJar : add dma
2024-01-29 16:01:18,867 [INFO] IPUIPlugin:80 - create IPUIPlugin
2024-01-29 16:01:18,867 [INFO] PluginManager:220 - loadIPPluginJar : add dma3
2024-01-29 16:01:18,869 [INFO] IPUIPlugin:80 - create IPUIPlugin
2024-01-29 16:01:18,869 [INFO] PluginManager:220 - loadIPPluginJar : add fatfs
2024-01-29 16:01:18,876 [INFO] IPUIPlugin:80 - create IPUIPlugin
2024-01-29 16:01:18,876 [INFO] PluginManager:220 - loadIPPluginJar : add fmc
2024-01-29 16:01:18,884 [INFO] IPUIPlugin:80 - create IPUIPlugin
2024-01-29 16:01:18,885 [INFO] PluginManager:220 - loadIPPluginJar : add freertos
2024-01-29 16:01:18,886 [INFO] IPUIPlugin:80 - create IPUIPlugin
2024-01-29 16:01:18,887 [INFO] PluginManager:220 - loadIPPluginJar : add genericplugin
2024-01-29 16:01:18,889 [INFO] IPUIPlugin:80 - create IPUIPlugin
2024-01-29 16:01:18,889 [INFO] PluginManager:220 - loadIPPluginJar : add gfxmmu
2024-01-29 16:01:18,895 [INFO] IPUIPlugin:80 - create IPUIPlugin
2024-01-29 16:01:18,895 [INFO] PluginManager:220 - loadIPPluginJar : add gic
2024-01-29 16:01:18,900 [INFO] IPUIPlugin:80 - create IPUIPlugin
2024-01-29 16:01:18,901 [INFO] PluginManager:220 - loadIPPluginJar : add gpio
2024-01-29 16:01:18,905 [INFO] IPUIPlugin:80 - create IPUIPlugin
2024-01-29 16:01:18,905 [INFO] PluginManager:220 - loadIPPluginJar : add gtzc
2024-01-29 16:01:18,909 [INFO] IPUIPlugin:80 - create IPUIPlugin
2024-01-29 16:01:18,909 [INFO] PluginManager:220 - loadIPPluginJar : add hash
2024-01-29 16:01:18,914 [INFO] IPUIPlugin:80 - create IPUIPlugin
2024-01-29 16:01:18,914 [INFO] PluginManager:220 - loadIPPluginJar : add i2c
2024-01-29 16:01:18,918 [INFO] IPUIPlugin:80 - create IPUIPlugin
2024-01-29 16:01:18,919 [INFO] PluginManager:220 - loadIPPluginJar : add i2s
2024-01-29 16:01:18,922 [INFO] IPUIPlugin:80 - create IPUIPlugin
2024-01-29 16:01:18,922 [INFO] PluginManager:220 - loadIPPluginJar : add i3c
2024-01-29 16:01:18,927 [INFO] IPUIPlugin:80 - create IPUIPlugin
2024-01-29 16:01:18,927 [INFO] PluginManager:220 - loadIPPluginJar : add ipddr
2024-01-29 16:01:18,938 [INFO] IPUIPlugin:80 - create IPUIPlugin
2024-01-29 16:01:18,938 [INFO] PluginManager:220 - loadIPPluginJar : add linkedlist
2024-01-29 16:01:18,941 [INFO] IPUIPlugin:80 - create IPUIPlugin
2024-01-29 16:01:18,941 [INFO] PluginManager:220 - loadIPPluginJar : add lorawan
2024-01-29 16:01:18,943 [INFO] IPUIPlugin:80 - create IPUIPlugin
2024-01-29 16:01:18,943 [INFO] PluginManager:220 - loadIPPluginJar : add ltdc
2024-01-29 16:01:18,950 [INFO] IPUIPlugin:80 - create IPUIPlugin
2024-01-29 16:01:18,950 [INFO] PluginManager:220 - loadIPPluginJar : add mdma
2024-01-29 16:01:18,955 [INFO] IPUIPlugin:80 - create IPUIPlugin
2024-01-29 16:01:18,956 [INFO] PluginManager:220 - loadIPPluginJar : add nvic
2024-01-29 16:01:18,960 [INFO] IPUIPlugin:80 - create IPUIPlugin
2024-01-29 16:01:18,960 [INFO] PluginManager:220 - loadIPPluginJar : add opamp
2024-01-29 16:01:18,966 [INFO] IPUIPlugin:80 - create IPUIPlugin
2024-01-29 16:01:18,966 [INFO] PluginManager:220 - loadIPPluginJar : add openamp
2024-01-29 16:01:18,970 [INFO] IPUIPlugin:80 - create IPUIPlugin
2024-01-29 16:01:18,971 [INFO] PluginManager:220 - loadIPPluginJar : add pdm2pcm
2024-01-29 16:01:18,977 [INFO] IPUIPlugin:80 - create IPUIPlugin
2024-01-29 16:01:18,980 [INFO] PluginManager:220 - loadIPPluginJar : add plateformsettings
2024-01-29 16:01:18,983 [INFO] IPUIPlugin:80 - create IPUIPlugin
2024-01-29 16:01:18,983 [INFO] PluginManager:220 - loadIPPluginJar : add quadspi
2024-01-29 16:01:18,989 [INFO] IPUIPlugin:80 - create IPUIPlugin
2024-01-29 16:01:18,989 [INFO] PluginManager:220 - loadIPPluginJar : add resmgrutility
2024-01-29 16:01:18,993 [INFO] IPUIPlugin:80 - create IPUIPlugin
2024-01-29 16:01:18,993 [INFO] PluginManager:220 - loadIPPluginJar : add sai
2024-01-29 16:01:18,997 [INFO] IPUIPlugin:80 - create IPUIPlugin
2024-01-29 16:01:18,998 [INFO] PluginManager:220 - loadIPPluginJar : add spi
2024-01-29 16:01:19,002 [INFO] IPUIPlugin:80 - create IPUIPlugin
2024-01-29 16:01:19,002 [INFO] PluginManager:220 - loadIPPluginJar : add stm32_wpan
2024-01-29 16:01:19,005 [INFO] IPUIPlugin:80 - create IPUIPlugin
2024-01-29 16:01:19,005 [INFO] PluginManager:220 - loadIPPluginJar : add tim
2024-01-29 16:01:19,010 [INFO] IPUIPlugin:80 - create IPUIPlugin
2024-01-29 16:01:19,010 [INFO] PluginManager:220 - loadIPPluginJar : add touchsensing
2024-01-29 16:01:19,014 [INFO] IPUIPlugin:80 - create IPUIPlugin
2024-01-29 16:01:19,014 [INFO] PluginManager:220 - loadIPPluginJar : add tracer_emb
2024-01-29 16:01:19,017 [INFO] IPUIPlugin:80 - create IPUIPlugin
2024-01-29 16:01:19,017 [INFO] PluginManager:220 - loadIPPluginJar : add ts
2024-01-29 16:01:19,020 [INFO] IPUIPlugin:80 - create IPUIPlugin
2024-01-29 16:01:19,021 [INFO] PluginManager:220 - loadIPPluginJar : add tsc
2024-01-29 16:01:19,023 [INFO] IPUIPlugin:80 - create IPUIPlugin
2024-01-29 16:01:19,023 [INFO] PluginManager:220 - loadIPPluginJar : add ucpd
2024-01-29 16:01:19,027 [INFO] IPUIPlugin:80 - create IPUIPlugin
2024-01-29 16:01:19,028 [INFO] PluginManager:220 - loadIPPluginJar : add usart
2024-01-29 16:01:19,032 [INFO] IPUIPlugin:80 - create IPUIPlugin
2024-01-29 16:01:19,032 [INFO] PluginManager:220 - loadIPPluginJar : add usbx
2024-01-29 16:01:19,173 [INFO] CADModel:165 - CPN selected for project level
2024-01-29 16:01:19,175 [INFO] CADModel:114 - Register for checkConnection events
2024-01-29 16:01:19,175 [FATAL] Updater:308 - Updater called before beeing initialized
2024-01-29 16:01:19,175 [ERROR] CADModel:125 - Updater not yet initialized, retry later 
2024-01-29 16:01:19,359 [INFO] CADModel:165 - CPN selected for project level
2024-01-29 16:01:19,359 [INFO] CADModel:114 - Register for checkConnection events
2024-01-29 16:01:19,359 [FATAL] Updater:308 - Updater called before beeing initialized
2024-01-29 16:01:19,360 [ERROR] CADModel:125 - Updater not yet initialized, retry later 
2024-01-29 16:01:19,363 [FATAL] Updater:308 - Updater called before beeing initialized
2024-01-29 16:01:19,501 [FATAL] Updater:308 - Updater called before beeing initialized
2024-01-29 16:01:19,510 [INFO] DbMcusAds:53 - JSON generation date=Wed Nov 29 17:52:27 ICT 2023 (1701255147200)
2024-01-29 16:01:19,510 [FATAL] Updater:308 - Updater called before beeing initialized
2024-01-29 16:01:19,549 [WARN] DetailPanel:346 - Failed to get advertising image, set to default
2024-01-29 16:01:19,656 [FATAL] Updater:308 - Updater called before beeing initialized
2024-01-29 16:01:19,659 [FATAL] Updater:308 - Updater called before beeing initialized
2024-01-29 16:01:19,660 [FATAL] Updater:308 - Updater called before beeing initialized
2024-01-29 16:01:19,660 [WARN] DetailPanel:346 - Failed to get advertising image, set to default
2024-01-29 16:01:19,660 [FATAL] Updater:308 - Updater called before beeing initialized
2024-01-29 16:01:19,715 [ERROR] Updater:1120 - MainUpdater not yet initialized. External WinMGr cannot be set.
2024-01-29 16:01:19,718 [INFO] Updater:1056 - Updater Version found : 6.8.1
2024-01-29 16:01:19,737 [INFO] ApplicationProperties:184 - Using Application install path: C:\ST\STM32CubeIDE_1.12.1\STM32CubeIDE\plugins\com.st.stm32cube.common.mx_6.8.1.202304191431
2024-01-29 16:01:19,901 [INFO] MainUpdater:2854 - connection check result : 10
2024-01-29 16:01:19,901 [INFO] MainUpdater:283 - Updater Check For Update Now.
2024-01-29 16:01:19,901 [INFO] MicroXplorer:498 - Change Database Version : DB.6.0.81
2024-01-29 16:01:20,073 [INFO] CheckServerUpdateThread:120 - End of CheckServer Thread
2024-01-29 16:01:20,116 [INFO] MainUpdater:2854 - connection check result : 10
2024-01-29 16:01:20,502 [INFO] ApiDb:581 - Connected to CubeFinder SQLite database (C:\Users\ADMIN\.stmcufinder\plugins\mcufinder\mcu\cube-finder-db.db)
2024-01-29 16:01:20,586 [INFO] ApiDb:668 - CubeFinder database Data Model version=2.1
2024-01-29 16:01:20,586 [INFO] ApiDb:669 - CubeFinder database Configuration version=3.0.39
2024-01-29 16:01:20,586 [INFO] ApiDb:670 - CubeFinder database generation date=2024-01-11 (1704964531)
2024-01-29 16:01:20,586 [INFO] ApiDb:671 - CubeFinder database FW Pack versions=[FP-ATR-ASTRA1_V2.0.0, FP-SNS-FLIGHT1_V5.0.1, FP-SNS-FLIGHT1_V5.0.2, FP-SNS-MOTENV1_V4.3.1, FP-SNS-MOTENV1_V4.3.2, FP-SNS-MOTENVWB1_V1.3.1, FP-SNS-SMARTAG2_V1.2.0, STM32Cube_FW_C0_V1.1.0, STM32Cube_FW_F4_V1.28.0, STM32Cube_FW_F7_V1.17.0, STM32Cube_FW_G0_V1.6.2, STM32Cube_FW_G4_V1.5.2, STM32Cube_FW_H5_V0.5.1, STM32Cube_FW_H5_V1.1.1, STM32Cube_FW_H5_V1.2.0RC2, STM32Cube_FW_H7_V1.11.0, STM32Cube_FW_L0_V1.12.2, STM32Cube_FW_L5_V1.5.0, STM32Cube_FW_U5_V1.3.0RC4, STM32Cube_FW_U5_V1.4.0, STM32Cube_FW_WBA_V1.0.0RC1, STM32Cube_FW_WBA_V1.1.0RC1, STM32Cube_FW_WBA_V1.2.0, STM32Cube_FW_WBA_V1.2.0RC2, STM32Cube_FW_WB_V1.15.0RC1, STM32Cube_FW_WB_V1.16.0, STM32Cube_FW_WB_V1.16.0RC2, STM32Cube_FW_WB_V1.18.0, STM32Cube_FW_WL_V1.3.0, X-CUBE-ALGOBUILD_V1.3.0, X-CUBE-ALS_V1.0.1, X-CUBE-AZRTOS-F4_V1.1.0, X-CUBE-AZRTOS-F7_V1.1.0, X-CUBE-AZRTOS-G0_V1.1.0, X-CUBE-AZRTOS-G4_V2.0.0, X-CUBE-AZRTOS-H7_V3.2.0, X-CUBE-AZRTOS-L4_V1.0.0, X-CUBE-AZRTOS-L4_V2.0.0, X-CUBE-AZRTOS-L5_V1.1.0, X-CUBE-AZRTOS-WB_V2.0.0, X-CUBE-AZRTOS-WL_V2.0.0, X-CUBE-BLE1_V7.0.0, X-CUBE-BLE2_V3.3.0, X-CUBE-BLEMGR_V3.0.0, X-CUBE-EEPRMA1_V4.1.0, X-CUBE-EEPRMA1_V4.2.0, X-CUBE-FREERTOS_V1.1.0, X-CUBE-GNSS1_V6.0.0, X-CUBE-MEMS1_V10.0.0, X-CUBE-MEMS1_V9.1.0, X-CUBE-MEMS1_V9.4.0, X-CUBE-MEMS1_V9.6.0, X-CUBE-NFC4_V3.0.0, X-CUBE-NFC7_V1.0.1, X-CUBE-SFXS2LP1_V4.0.0, X-CUBE-SUBG2_V5.0.0, X-CUBE-TOF1_V3.4.0]
2024-01-29 16:01:20,709 [INFO] DbBoardsSqlite:226 - include board P-NUCLEO-WB55-NUCLEO as a kit item of type 'Nucleo-64'
2024-01-29 16:01:20,710 [INFO] DbBoardsSqlite:226 - include board P-NUCLEO-WB55-USBDONGLE as a kit item of type 'Nucleo USB Dongle'
2024-01-29 16:01:20,711 [INFO] DbBoardsSqlite:226 - include board STEVAL-IDP005V1 as a kit item of type 'Evaluation Board'
2024-01-29 16:01:20,711 [INFO] DbBoardsSqlite:226 - include board STEVAL-IDP005V2 as a kit item of type 'Evaluation Board'
2024-01-29 16:01:21,087 [INFO] ApiDb:240 - Found 297 in-development CPN: [B-G473E-ZEST1S, B-WB1M-WPAN1, B-WL5M-SUBG1, NUCLEO-C031C6, NUCLEO-H503RB, NUCLEO-H563ZI, NUCLEO-U545RE-Q, NUCLEO-U5A5ZJ-Q, NUCLEO-WBA52CG, STEVAL-PROTEUS1, STEVAL-STWINBX1, STM320518-EVAL, STM32C0116-DK, STM32C011D6Y3TR, STM32C011D6Y6TR, STM32C011F4P3, STM32C011F4P6, STM32C011F4U3, STM32C011F4U6TR, STM32C011F6P3, STM32C011F6P6, STM32C011F6U3, STM32C011F6U6TR, STM32C011J4M3, STM32C011J4M6, STM32C011J6M3, STM32C011J6M6, STM32C0316-DK, STM32C031C4T3, STM32C031C4T6, STM32C031C4U3, STM32C031C4U6, STM32C031C6T3, STM32C031C6T6, STM32C031C6U3, STM32C031C6U6, STM32C031F4P3, STM32C031F4P6, STM32C031F6P3, STM32C031F6P6, STM32C031G4U3, STM32C031G4U6, STM32C031G6U3, STM32C031G6U6, STM32C031K4T3, STM32C031K4T6, STM32C031K4U3, STM32C031K4U6, STM32C031K6T3, STM32C031K6T6, STM32C031K6U3, STM32C031K6U6, STM32G071K8TXN, STM32G071K8UXN, STM32G081GBU6N, STM32G081KBT6N, STM32G081KBUXN, STM32G0B1CCT6N, STM32G0B1KCT6, STM32G0B1NEY6TR, STM32G0B1RCT6N, STM32G0C1CCT6, STM32G0C1CCT6N, STM32G0C1CCU6N, STM32G0C1CET6N, STM32G0C1CEU6N, STM32G0C1KCT6, STM32G0C1NEY6TR, STM32G0C1RCI6N, STM32G0C1RCT6N, STM32G0C1REI6N, STM32G0C1RET6N, STM32G0C1VCI6, STM32G0C1VEI6, STM32G471CCT6, STM32G471CCU6, STM32G471CET3, STM32G471CET6, STM32G471CEU3, STM32G471CEU6, STM32G471MCT6, STM32G471MET3, STM32G471MET6, STM32G471MEY6TR, STM32G471QCT6, STM32G471QET3, STM32G471RCT6, STM32G471RET3, STM32G471RET6, STM32G471VCH6, STM32G471VCI6, STM32G471VCT6, STM32G471VEH3, STM32G471VEH6, STM32G471VEI3, STM32G471VEI6, STM32G471VET3, STM32G471VET6, STM32G474CCT6, STM32H503CBT6, STM32H503CBU6, STM32H503EBY6TR, STM32H503KBU6, STM32H503RBT6, STM32H562AGI6, STM32H562AII6, STM32H562IGK6, STM32H562IGT6, STM32H562IIK6, STM32H562IIT6, STM32H562RGT6, STM32H562RGV6, STM32H562RIT6, STM32H562RIV6, STM32H562VGT6, STM32H562VIT6, STM32H562ZGT6, STM32H562ZIT6, STM32H563AGI6, STM32H563AII3Q, STM32H563AII6, STM32H563IGK6, STM32H563IGT6, STM32H563IIK3Q, STM32H563IIK6, STM32H563IIT3Q, STM32H563IIT6, STM32H563MIY3QTR, STM32H563RGT6, STM32H563RGV6, STM32H563RIT6, STM32H563RIV6, STM32H563VGT6, STM32H563VIT3Q, STM32H563VIT6, STM32H563ZGT6, STM32H563ZIT3Q, STM32H563ZIT6, STM32H573AII3Q, STM32H573AII6, STM32H573I-DK, STM32H573IIK3Q, STM32H573IIK6, STM32H573IIT3Q, STM32H573IIT6, STM32H573MIY3QTR, STM32H573RIT6, STM32H573RIV6, STM32H573VIT3Q, STM32H573VIT6, STM32H573ZIT3Q, STM32H573ZIT6, STM32L4R5QGI6STR, STM32MP131AAE3, STM32MP131AAF3, STM32MP131AAG3, STM32MP131CAE3, STM32MP131CAF3, STM32MP131CAG3, STM32MP131DAE7, STM32MP131DAF7, STM32MP131DAG7, STM32MP131FAE7, STM32MP131FAF7, STM32MP131FAG7, STM32MP133AAE3, STM32MP133AAF3, STM32MP133AAG3, STM32MP133CAE3, STM32MP133CAF3, STM32MP133CAG3, STM32MP133DAE7, STM32MP133DAF7, STM32MP133DAG7, STM32MP133FAE7, STM32MP133FAF7, STM32MP133FAG7, STM32MP135AAE3, STM32MP135AAF3, STM32MP135AAG3, STM32MP135CAE3, STM32MP135CAF3, STM32MP135CAG3, STM32MP135DAE7, STM32MP135DAF7, STM32MP135DAG7, STM32MP135F-DK, STM32MP135FAE7, STM32MP135FAF7, STM32MP135FAF7T, STM32MP135FAF7U, STM32MP135FAG7, STM32U535CBT6, STM32U535CBT6Q, STM32U535CBU6, STM32U535CBU6Q, STM32U535CCT6, STM32U535CCT6Q, STM32U535CCU6, STM32U535CCU6Q, STM32U535CET6, STM32U535CET6Q, STM32U535CEU6, STM32U535CEU6Q, STM32U535JEY6QTR, STM32U535NCY6QTR, STM32U535NEY6QTR, STM32U535RBI6, STM32U535RBI6Q, STM32U535RBT6, STM32U535RBT6Q, STM32U535RCI6, STM32U535RCI6Q, STM32U535RCT6, STM32U535RCT6Q, STM32U535REI6, STM32U535REI6Q, STM32U535RET6, STM32U535RET6Q, STM32U535VCI6, STM32U535VCI6Q, STM32U535VCT6, STM32U535VCT6Q, STM32U535VEI6, STM32U535VEI6Q, STM32U535VET6, STM32U535VET6Q, STM32U545CET6, STM32U545CET6Q, STM32U545CEU6, STM32U545CEU6Q, STM32U545JEY6QTR, STM32U545NEY6QTR, STM32U545REI6, STM32U545REI6Q, STM32U545RET6, STM32U545RET6Q, STM32U545VEI6, STM32U545VEI6Q, STM32U545VET6, STM32U545VET6Q, STM32U595AIH6, STM32U595AIH6Q, STM32U595AJH6, STM32U595AJH6Q, STM32U595QII6, STM32U595QII6Q, STM32U595QJI6, STM32U595QJI6Q, STM32U595RIT6, STM32U595RIT6Q, STM32U595RJT6, STM32U595RJT6Q, STM32U595VIT6, STM32U595VIT6Q, STM32U595VJT6, STM32U595VJT6Q, STM32U595ZIT6, STM32U595ZIT6Q, STM32U595ZIY6QTR, STM32U595ZJT6, STM32U595ZJT6Q, STM32U595ZJY6QTR, STM32U599BJY6QTR, STM32U599NIH6Q, STM32U599NJH6Q, STM32U599VIT6Q, STM32U599VJT6, STM32U599VJT6Q, STM32U599ZIT6Q, STM32U599ZIY6QTR, STM32U599ZJT6Q, STM32U599ZJY6QTR, STM32U5A5AJH6, STM32U5A5AJH6Q, STM32U5A5QJI6, STM32U5A5QJI6Q, STM32U5A5RJT6, STM32U5A5RJT6Q, STM32U5A5VJT6, STM32U5A5VJT6Q, STM32U5A5ZJT6, STM32U5A5ZJT6Q, STM32U5A5ZJY6QTR, STM32U5A9BJY6QTR, STM32U5A9J-DK, STM32U5A9NJH6Q, STM32U5A9VJT6Q, STM32U5A9ZJT6Q, STM32U5A9ZJY6QTR, STM32WB1MMCH6, STM32WBA52CEU6, STM32WBA52CEU6T, STM32WBA52CGU6, STM32WBA52CGU6T, STM32WL5MOCH6, STM32WL5MOCH6TR]
2024-01-29 16:01:21,093 [INFO] ApiDb:668 - CubeFinder database Data Model version=2.1
2024-01-29 16:01:21,093 [INFO] ApiDb:669 - CubeFinder database Configuration version=3.0.39
2024-01-29 16:01:21,093 [INFO] ApiDb:670 - CubeFinder database generation date=2024-01-11 (1704964531)
2024-01-29 16:01:21,093 [INFO] ApiDb:671 - CubeFinder database FW Pack versions=[FP-ATR-ASTRA1_V2.0.0, FP-SNS-FLIGHT1_V5.0.1, FP-SNS-FLIGHT1_V5.0.2, FP-SNS-MOTENV1_V4.3.1, FP-SNS-MOTENV1_V4.3.2, FP-SNS-MOTENVWB1_V1.3.1, FP-SNS-SMARTAG2_V1.2.0, STM32Cube_FW_C0_V1.1.0, STM32Cube_FW_F4_V1.28.0, STM32Cube_FW_F7_V1.17.0, STM32Cube_FW_G0_V1.6.2, STM32Cube_FW_G4_V1.5.2, STM32Cube_FW_H5_V0.5.1, STM32Cube_FW_H5_V1.1.1, STM32Cube_FW_H5_V1.2.0RC2, STM32Cube_FW_H7_V1.11.0, STM32Cube_FW_L0_V1.12.2, STM32Cube_FW_L5_V1.5.0, STM32Cube_FW_U5_V1.3.0RC4, STM32Cube_FW_U5_V1.4.0, STM32Cube_FW_WBA_V1.0.0RC1, STM32Cube_FW_WBA_V1.1.0RC1, STM32Cube_FW_WBA_V1.2.0, STM32Cube_FW_WBA_V1.2.0RC2, STM32Cube_FW_WB_V1.15.0RC1, STM32Cube_FW_WB_V1.16.0, STM32Cube_FW_WB_V1.16.0RC2, STM32Cube_FW_WB_V1.18.0, STM32Cube_FW_WL_V1.3.0, X-CUBE-ALGOBUILD_V1.3.0, X-CUBE-ALS_V1.0.1, X-CUBE-AZRTOS-F4_V1.1.0, X-CUBE-AZRTOS-F7_V1.1.0, X-CUBE-AZRTOS-G0_V1.1.0, X-CUBE-AZRTOS-G4_V2.0.0, X-CUBE-AZRTOS-H7_V3.2.0, X-CUBE-AZRTOS-L4_V1.0.0, X-CUBE-AZRTOS-L4_V2.0.0, X-CUBE-AZRTOS-L5_V1.1.0, X-CUBE-AZRTOS-WB_V2.0.0, X-CUBE-AZRTOS-WL_V2.0.0, X-CUBE-BLE1_V7.0.0, X-CUBE-BLE2_V3.3.0, X-CUBE-BLEMGR_V3.0.0, X-CUBE-EEPRMA1_V4.1.0, X-CUBE-EEPRMA1_V4.2.0, X-CUBE-FREERTOS_V1.1.0, X-CUBE-GNSS1_V6.0.0, X-CUBE-MEMS1_V10.0.0, X-CUBE-MEMS1_V9.1.0, X-CUBE-MEMS1_V9.4.0, X-CUBE-MEMS1_V9.6.0, X-CUBE-NFC4_V3.0.0, X-CUBE-NFC7_V1.0.1, X-CUBE-SFXS2LP1_V4.0.0, X-CUBE-SUBG2_V5.0.0, X-CUBE-TOF1_V3.4.0]
2024-01-29 16:01:21,411 [WARN] PackLoader:240 - Cannot read IP mode file for STMicroelectronics.X-CUBE-SMBUS.2.1.0
2024-01-29 16:01:21,420 [WARN] PackLoader:240 - Cannot read IP mode file for STMicroelectronics.X-CUBE-TOUCHGFX.4.23.0
2024-01-29 16:01:21,447 [WARN] PackLoader:240 - Cannot read IP mode file for STMicroelectronics.X-CUBE-AZRTOS-F7.1.1.0
2024-01-29 16:01:21,459 [WARN] PackLoader:240 - Cannot read IP mode file for STMicroelectronics.FP-SNS-MOTENV1.4.3.2
2024-01-29 16:01:21,466 [ERROR] RealEvaluatedCondition:428 - Found unsupported composite condition: GROUP='STM32_MetaDataManager' CLASS='Data Exchange'
2024-01-29 16:01:21,467 [ERROR] RealEvaluatedCondition:428 - Found unsupported composite condition: GROUP='STM32_MetaDataManager' CLASS='Data Exchange'
2024-01-29 16:01:21,469 [WARN] PackLoader:240 - Cannot read IP mode file for STMicroelectronics.FP-SNS-MOTENV1.4.3.1
2024-01-29 16:01:21,477 [WARN] PackLoader:240 - Cannot read IP mode file for STMicroelectronics.FP-SNS-FLIGHT1.5.0.1
2024-01-29 16:01:21,485 [WARN] PackLoader:240 - Cannot read IP mode file for STMicroelectronics.X-CUBE-BLE1.6.2.4
2024-01-29 16:01:21,490 [WARN] PackLoader:240 - Cannot read IP mode file for STMicroelectronics.FP-SNS-FLIGHT1.5.0.2
2024-01-29 16:01:21,521 [WARN] PackLoader:240 - Cannot read IP mode file for STMicroelectronics.X-CUBE-DISPLAY.3.0.0
2024-01-29 16:01:21,532 [WARN] PackLoader:240 - Cannot read IP mode file for STMicroelectronics.X-CUBE-BLE1.7.0.0
2024-01-29 16:01:21,536 [WARN] PackLoader:240 - Cannot read IP mode file for STMicroelectronics.X-CUBE-TOUCHGFX.4.22.0
2024-01-29 16:01:21,540 [WARN] PackLoader:240 - Cannot read IP mode file for STMicroelectronics.X-CUBE-TOUCHGFX.4.22.1
2024-01-29 16:01:21,547 [WARN] PackLoader:240 - Cannot read IP mode file for STMicroelectronics.FP-SNS-SMARTAG2.1.2.0
2024-01-29 16:01:21,561 [INFO] LogOutputStream:77 - [STDOUT_REDIRECT] 1 : Invalid condition id : UX_CORESTACK_Condition cause : null
2024-01-29 16:01:21,561 [INFO] LogOutputStream:77 - [STDOUT_REDIRECT] 1 : Invalid condition id : UX_CORESTACK_Condition cause : null
2024-01-29 16:01:21,563 [INFO] LogOutputStream:77 - [STDOUT_REDIRECT] 1 : Invalid condition id : UX_CORESTACK_Condition cause : null
2024-01-29 16:01:21,564 [INFO] LogOutputStream:77 - [STDOUT_REDIRECT] 1 : Invalid condition id : UX_CORESTACK_Condition cause : null
2024-01-29 16:01:21,565 [INFO] LogOutputStream:77 - [STDOUT_REDIRECT] 1 : Invalid condition id : UX_CORESTACK_Condition cause : null
2024-01-29 16:01:21,569 [WARN] PackLoader:240 - Cannot read IP mode file for STMicroelectronics.X-CUBE-AZRTOS-WL.2.0.0
2024-01-29 16:01:21,579 [WARN] PackLoader:240 - Cannot read IP mode file for WES.I-CUBE-Cesium.1.3.0
2024-01-29 16:01:21,586 [WARN] PackLoader:240 - Cannot read IP mode file for STMicroelectronics.X-CUBE-BLE2.3.3.0
2024-01-29 16:01:21,590 [WARN] PackLoader:240 - Cannot read IP mode file for STMicroelectronics.X-CUBE-TOUCHGFX.4.21.4
2024-01-29 16:01:21,598 [WARN] PackLoader:240 - Cannot read IP mode file for STMicroelectronics.X-CUBE-ALGOBUILD.1.3.0
2024-01-29 16:01:21,619 [WARN] PackLoader:240 - Cannot read IP mode file for STMicroelectronics.X-CUBE-AZRTOS-G0.1.1.0
2024-01-29 16:01:21,628 [WARN] PackLoader:240 - Cannot read IP mode file for STMicroelectronics.X-CUBE-NFC4.3.0.0
2024-01-29 16:01:21,634 [WARN] PackLoader:240 - Cannot read IP mode file for STMicroelectronics.FP-ATR-SIGFOX1.3.2.0
2024-01-29 16:01:21,642 [WARN] PackLoader:240 - Cannot read IP mode file for STMicroelectronics.X-CUBE-EEPRMA1.5.1.0
2024-01-29 16:01:21,676 [WARN] PackLoader:240 - Cannot read IP mode file for SEGGER.I-CUBE-embOS.1.3.1
2024-01-29 16:01:21,730 [WARN] PackLoader:240 - Cannot read IP mode file for STMicroelectronics.X-CUBE-GNSS1.6.0.0
2024-01-29 16:01:21,747 [WARN] PackLoader:240 - Cannot read IP mode file for STMicroelectronics.X-CUBE-AZRTOS-F4.1.1.0
2024-01-29 16:01:21,755 [WARN] PackLoader:240 - Cannot read IP mode file for wolfSSL.I-CUBE-wolfSSL.5.6.0
2024-01-29 16:01:21,773 [WARN] PackLoader:240 - Cannot read IP mode file for STMicroelectronics.X-CUBE-AZRTOS-L5.2.0.0
2024-01-29 16:01:21,827 [WARN] PackLoader:240 - Cannot read IP mode file for STMicroelectronics.X-CUBE-MEMS1.9.6.0
2024-01-29 16:01:21,966 [WARN] PackLoader:240 - Cannot read IP mode file for STMicroelectronics.X-CUBE-EEPRMA1.4.2.0
2024-01-29 16:01:21,971 [WARN] PackLoader:240 - Cannot read IP mode file for ITTIA_DB.I-CUBE-ITTIADB.8.8.0
2024-01-29 16:01:21,977 [WARN] PackLoader:240 - Cannot read IP mode file for emotas.I-CUBE-CANOPEN.1.1.3
2024-01-29 16:01:21,984 [WARN] PackLoader:240 - Cannot read IP mode file for STMicroelectronics.X-CUBE-BLEMGR.2.0.0
2024-01-29 16:01:21,999 [WARN] ConditionMgr:438 - getConditionDescription Invalid condition id : UX DEVICE CLASS RTOS Condition cause : null
2024-01-29 16:01:21,999 [WARN] ConditionMgr:438 - getConditionDescription Invalid condition id : UX DEVICE CLASS RTOS Condition cause : null
2024-01-29 16:01:22,001 [WARN] PackLoader:240 - Cannot read IP mode file for STMicroelectronics.X-CUBE-AZRTOS-H7.3.1.0
2024-01-29 16:01:22,002 [WARN] ConditionMgr:1039 - genDependencies : Invalid condition id : UX DEVICE CLASS RTOS Condition cause : null
2024-01-29 16:01:22,003 [WARN] ConditionMgr:1039 - genDependencies : Invalid condition id : UX DEVICE CLASS RTOS Condition cause : null
2024-01-29 16:01:22,004 [WARN] ConditionMgr:1039 - genDependencies : Invalid condition id : UX DEVICE CLASS RTOS Condition cause : null
2024-01-29 16:01:22,004 [WARN] ConditionMgr:1039 - genDependencies : Invalid condition id : UX DEVICE CLASS RTOS Condition cause : null
2024-01-29 16:01:22,004 [WARN] ConditionMgr:1039 - genDependencies : Invalid condition id : UX DEVICE CLASS RTOS Condition cause : null
2024-01-29 16:01:22,010 [WARN] PackLoader:240 - Cannot read IP mode file for STMicroelectronics.X-CUBE-NFC7.1.0.1
2024-01-29 16:01:22,015 [WARN] PackLoader:240 - Cannot read IP mode file for STMicroelectronics.X-CUBE-NFC7.1.0.0
2024-01-29 16:01:22,023 [WARN] PackLoader:240 - Cannot read IP mode file for STMicroelectronics.X-CUBE-NFC6.3.0.0
2024-01-29 16:01:22,028 [WARN] PackLoader:240 - Cannot read IP mode file for STMicroelectronics.X-CUBE-EEPRMA1.4.1.0
2024-01-29 16:01:22,034 [WARN] PackLoader:240 - Cannot read IP mode file for STMicroelectronics.X-CUBE-AI.8.1.0
2024-01-29 16:01:22,049 [WARN] ConditionMgr:438 - getConditionDescription Invalid condition id : LAN8742 Phy interface Condition cause : null
2024-01-29 16:01:22,050 [WARN] PackLoader:240 - Cannot read IP mode file for STMicroelectronics.X-CUBE-AZRTOS-L4.2.0.0
2024-01-29 16:01:22,051 [WARN] ConditionMgr:1039 - genDependencies : Invalid condition id : LAN8742 Phy interface Condition cause : null
2024-01-29 16:01:22,051 [WARN] ConditionMgr:1039 - genDependencies : Invalid condition id : LAN8742 Phy interface Condition cause : null
2024-01-29 16:01:22,052 [WARN] ConditionMgr:1039 - genDependencies : Invalid condition id : LAN8742 Phy interface Condition cause : null
2024-01-29 16:01:22,059 [WARN] PackLoader:240 - Cannot read IP mode file for STMicroelectronics.X-CUBE-SFXS2LP1.4.0.0
2024-01-29 16:01:22,063 [WARN] PackLoader:240 - Cannot read IP mode file for STMicroelectronics.X-CUBE-ISPU.1.1.0
2024-01-29 16:01:22,090 [WARN] ConditionMgr:438 - getConditionDescription Invalid condition id : UX DEVICE CLASS RTOS Condition cause : null
2024-01-29 16:01:22,091 [WARN] ConditionMgr:438 - getConditionDescription Invalid condition id : UX DEVICE CLASS RTOS Condition cause : null
2024-01-29 16:01:22,093 [WARN] PackLoader:240 - Cannot read IP mode file for STMicroelectronics.X-CUBE-AZRTOS-WB.2.0.0
2024-01-29 16:01:22,094 [WARN] ConditionMgr:1039 - genDependencies : Invalid condition id : UX DEVICE CLASS RTOS Condition cause : null
2024-01-29 16:01:22,094 [WARN] ConditionMgr:1039 - genDependencies : Invalid condition id : UX DEVICE CLASS RTOS Condition cause : null
2024-01-29 16:01:22,095 [WARN] ConditionMgr:1039 - genDependencies : Invalid condition id : UX DEVICE CLASS RTOS Condition cause : null
2024-01-29 16:01:22,095 [WARN] ConditionMgr:1039 - genDependencies : Invalid condition id : UX DEVICE CLASS RTOS Condition cause : null
2024-01-29 16:01:22,095 [WARN] ConditionMgr:1039 - genDependencies : Invalid condition id : UX DEVICE CLASS RTOS Condition cause : null
2024-01-29 16:01:22,100 [WARN] PackLoader:240 - Cannot read IP mode file for STMicroelectronics.X-CUBE-FREERTOS.1.0.1
2024-01-29 16:01:22,110 [WARN] PackLoader:240 - Cannot read IP mode file for STMicroelectronics.X-CUBE-AZRTOS-L5.1.1.0
2024-01-29 16:01:22,116 [WARN] PackLoader:240 - Cannot read IP mode file for STMicroelectronics.X-CUBE-AI.8.0.1
2024-01-29 16:01:22,124 [WARN] PackLoader:240 - Cannot read IP mode file for STMicroelectronics.X-CUBE-SUBG2.5.0.0
2024-01-29 16:01:22,137 [WARN] PackLoader:240 - Cannot read IP mode file for STMicroelectronics.X-CUBE-TOF1.3.3.1
2024-01-29 16:01:22,155 [WARN] PackLoader:240 - Cannot read IP mode file for STMicroelectronics.X-CUBE-AZRTOS-G4.2.0.0
2024-01-29 16:01:22,165 [WARN] PackLoader:240 - Cannot read IP mode file for STMicroelectronics.X-CUBE-TOF1.3.3.0
2024-01-29 16:01:22,183 [WARN] PackLoader:240 - Cannot read IP mode file for Infineon.AIROC-Wi-Fi-Bluetooth-STM32.1.5.1
2024-01-29 16:01:22,191 [WARN] PackLoader:240 - Cannot read IP mode file for STMicroelectronics.FP-SNS-MOTENVWB1.1.3.0
2024-01-29 16:01:22,195 [WARN] PackLoader:240 - Cannot read IP mode file for STMicroelectronics.FP-SNS-MOTENVWB1.1.3.1
2024-01-29 16:01:22,199 [WARN] PackLoader:240 - Cannot read IP mode file for STMicroelectronics.X-CUBE-ISPU.2.0.0
2024-01-29 16:01:22,227 [WARN] PackLoader:240 - Cannot read IP mode file for STMicroelectronics.X-CUBE-MEMS1.10.0.0
2024-01-29 16:01:22,322 [WARN] PackLoader:240 - Cannot read IP mode file for STMicroelectronics.X-CUBE-FREERTOS.1.1.0
2024-01-29 16:01:22,326 [WARN] PackLoader:240 - Cannot read IP mode file for portGmbH.I-Cube-SoM-uGOAL.1.1.0
2024-01-29 16:01:22,330 [WARN] PackLoader:240 - Cannot read IP mode file for STMicroelectronics.X-CUBE-ALS.1.0.1
2024-01-29 16:01:22,340 [WARN] PackLoader:240 - Cannot read IP mode file for STMicroelectronics.X-CUBE-AZRTOS-WB.1.1.0
2024-01-29 16:01:22,344 [WARN] PackLoader:240 - Cannot read IP mode file for STMicroelectronics.FP-ATR-ASTRA1.2.0.0
2024-01-29 16:01:22,353 [WARN] PackLoader:240 - Cannot read IP mode file for STMicroelectronics.X-CUBE-TOF1.3.4.0
2024-01-29 16:01:22,374 [WARN] PackLoader:240 - Cannot read IP mode file for STMicroelectronics.X-CUBE-AZRTOS-H7.3.2.0
2024-01-29 16:01:22,377 [INFO] ThirdParty:978 - Integrity check success = true
2024-01-29 16:01:22,377 [INFO] IntegrityCheckThread:100 - exiting critical section [integrity check]
2024-01-29 16:01:22,377 [INFO] IntegrityCheckThread:103 - End integrity checks thread
2024-01-29 16:01:23,016 [INFO] ApiDb:240 - Found 297 in-development CPN: [B-G473E-ZEST1S, B-WB1M-WPAN1, B-WL5M-SUBG1, NUCLEO-C031C6, NUCLEO-H503RB, NUCLEO-H563ZI, NUCLEO-U545RE-Q, NUCLEO-U5A5ZJ-Q, NUCLEO-WBA52CG, STEVAL-PROTEUS1, STEVAL-STWINBX1, STM320518-EVAL, STM32C0116-DK, STM32C011D6Y3TR, STM32C011D6Y6TR, STM32C011F4P3, STM32C011F4P6, STM32C011F4U3, STM32C011F4U6TR, STM32C011F6P3, STM32C011F6P6, STM32C011F6U3, STM32C011F6U6TR, STM32C011J4M3, STM32C011J4M6, STM32C011J6M3, STM32C011J6M6, STM32C0316-DK, STM32C031C4T3, STM32C031C4T6, STM32C031C4U3, STM32C031C4U6, STM32C031C6T3, STM32C031C6T6, STM32C031C6U3, STM32C031C6U6, STM32C031F4P3, STM32C031F4P6, STM32C031F6P3, STM32C031F6P6, STM32C031G4U3, STM32C031G4U6, STM32C031G6U3, STM32C031G6U6, STM32C031K4T3, STM32C031K4T6, STM32C031K4U3, STM32C031K4U6, STM32C031K6T3, STM32C031K6T6, STM32C031K6U3, STM32C031K6U6, STM32G071K8TXN, STM32G071K8UXN, STM32G081GBU6N, STM32G081KBT6N, STM32G081KBUXN, STM32G0B1CCT6N, STM32G0B1KCT6, STM32G0B1NEY6TR, STM32G0B1RCT6N, STM32G0C1CCT6, STM32G0C1CCT6N, STM32G0C1CCU6N, STM32G0C1CET6N, STM32G0C1CEU6N, STM32G0C1KCT6, STM32G0C1NEY6TR, STM32G0C1RCI6N, STM32G0C1RCT6N, STM32G0C1REI6N, STM32G0C1RET6N, STM32G0C1VCI6, STM32G0C1VEI6, STM32G471CCT6, STM32G471CCU6, STM32G471CET3, STM32G471CET6, STM32G471CEU3, STM32G471CEU6, STM32G471MCT6, STM32G471MET3, STM32G471MET6, STM32G471MEY6TR, STM32G471QCT6, STM32G471QET3, STM32G471RCT6, STM32G471RET3, STM32G471RET6, STM32G471VCH6, STM32G471VCI6, STM32G471VCT6, STM32G471VEH3, STM32G471VEH6, STM32G471VEI3, STM32G471VEI6, STM32G471VET3, STM32G471VET6, STM32G474CCT6, STM32H503CBT6, STM32H503CBU6, STM32H503EBY6TR, STM32H503KBU6, STM32H503RBT6, STM32H562AGI6, STM32H562AII6, STM32H562IGK6, STM32H562IGT6, STM32H562IIK6, STM32H562IIT6, STM32H562RGT6, STM32H562RGV6, STM32H562RIT6, STM32H562RIV6, STM32H562VGT6, STM32H562VIT6, STM32H562ZGT6, STM32H562ZIT6, STM32H563AGI6, STM32H563AII3Q, STM32H563AII6, STM32H563IGK6, STM32H563IGT6, STM32H563IIK3Q, STM32H563IIK6, STM32H563IIT3Q, STM32H563IIT6, STM32H563MIY3QTR, STM32H563RGT6, STM32H563RGV6, STM32H563RIT6, STM32H563RIV6, STM32H563VGT6, STM32H563VIT3Q, STM32H563VIT6, STM32H563ZGT6, STM32H563ZIT3Q, STM32H563ZIT6, STM32H573AII3Q, STM32H573AII6, STM32H573I-DK, STM32H573IIK3Q, STM32H573IIK6, STM32H573IIT3Q, STM32H573IIT6, STM32H573MIY3QTR, STM32H573RIT6, STM32H573RIV6, STM32H573VIT3Q, STM32H573VIT6, STM32H573ZIT3Q, STM32H573ZIT6, STM32L4R5QGI6STR, STM32MP131AAE3, STM32MP131AAF3, STM32MP131AAG3, STM32MP131CAE3, STM32MP131CAF3, STM32MP131CAG3, STM32MP131DAE7, STM32MP131DAF7, STM32MP131DAG7, STM32MP131FAE7, STM32MP131FAF7, STM32MP131FAG7, STM32MP133AAE3, STM32MP133AAF3, STM32MP133AAG3, STM32MP133CAE3, STM32MP133CAF3, STM32MP133CAG3, STM32MP133DAE7, STM32MP133DAF7, STM32MP133DAG7, STM32MP133FAE7, STM32MP133FAF7, STM32MP133FAG7, STM32MP135AAE3, STM32MP135AAF3, STM32MP135AAG3, STM32MP135CAE3, STM32MP135CAF3, STM32MP135CAG3, STM32MP135DAE7, STM32MP135DAF7, STM32MP135DAG7, STM32MP135F-DK, STM32MP135FAE7, STM32MP135FAF7, STM32MP135FAF7T, STM32MP135FAF7U, STM32MP135FAG7, STM32U535CBT6, STM32U535CBT6Q, STM32U535CBU6, STM32U535CBU6Q, STM32U535CCT6, STM32U535CCT6Q, STM32U535CCU6, STM32U535CCU6Q, STM32U535CET6, STM32U535CET6Q, STM32U535CEU6, STM32U535CEU6Q, STM32U535JEY6QTR, STM32U535NCY6QTR, STM32U535NEY6QTR, STM32U535RBI6, STM32U535RBI6Q, STM32U535RBT6, STM32U535RBT6Q, STM32U535RCI6, STM32U535RCI6Q, STM32U535RCT6, STM32U535RCT6Q, STM32U535REI6, STM32U535REI6Q, STM32U535RET6, STM32U535RET6Q, STM32U535VCI6, STM32U535VCI6Q, STM32U535VCT6, STM32U535VCT6Q, STM32U535VEI6, STM32U535VEI6Q, STM32U535VET6, STM32U535VET6Q, STM32U545CET6, STM32U545CET6Q, STM32U545CEU6, STM32U545CEU6Q, STM32U545JEY6QTR, STM32U545NEY6QTR, STM32U545REI6, STM32U545REI6Q, STM32U545RET6, STM32U545RET6Q, STM32U545VEI6, STM32U545VEI6Q, STM32U545VET6, STM32U545VET6Q, STM32U595AIH6, STM32U595AIH6Q, STM32U595AJH6, STM32U595AJH6Q, STM32U595QII6, STM32U595QII6Q, STM32U595QJI6, STM32U595QJI6Q, STM32U595RIT6, STM32U595RIT6Q, STM32U595RJT6, STM32U595RJT6Q, STM32U595VIT6, STM32U595VIT6Q, STM32U595VJT6, STM32U595VJT6Q, STM32U595ZIT6, STM32U595ZIT6Q, STM32U595ZIY6QTR, STM32U595ZJT6, STM32U595ZJT6Q, STM32U595ZJY6QTR, STM32U599BJY6QTR, STM32U599NIH6Q, STM32U599NJH6Q, STM32U599VIT6Q, STM32U599VJT6, STM32U599VJT6Q, STM32U599ZIT6Q, STM32U599ZIY6QTR, STM32U599ZJT6Q, STM32U599ZJY6QTR, STM32U5A5AJH6, STM32U5A5AJH6Q, STM32U5A5QJI6, STM32U5A5QJI6Q, STM32U5A5RJT6, STM32U5A5RJT6Q, STM32U5A5VJT6, STM32U5A5VJT6Q, STM32U5A5ZJT6, STM32U5A5ZJT6Q, STM32U5A5ZJY6QTR, STM32U5A9BJY6QTR, STM32U5A9J-DK, STM32U5A9NJH6Q, STM32U5A9VJT6Q, STM32U5A9ZJT6Q, STM32U5A9ZJY6QTR, STM32WB1MMCH6, STM32WBA52CEU6, STM32WBA52CEU6T, STM32WBA52CGU6, STM32WBA52CGU6T, STM32WL5MOCH6, STM32WL5MOCH6TR]
2024-01-29 16:01:23,020 [INFO] DbMcus:216 - Found 3861 MCUs, 3861 are supported
2024-01-29 16:01:23,023 [INFO] ApiDb:423 - Load user favorites file C:\Users\ADMIN/.stm32cubeide/favorites.mcus.txt: 0 item(s)
2024-01-29 16:01:23,023 [INFO] ApiDb:427 - User favorites MCUs=[]
2024-01-29 16:01:23,023 [INFO] DbMcus:222 - Set 0 / 0 favorites MCUs
2024-01-29 16:01:23,296 [INFO] BoardInfo:880 - No configuration file found for board P-NUCLEO-WB55
2024-01-29 16:01:23,297 [INFO] DbBoards:157 - Kit is not supported: P-NUCLEO-WB55
2024-01-29 16:01:23,302 [INFO] BoardInfo:880 - No configuration file found for board STEVAL-BFA001V1B
2024-01-29 16:01:23,302 [INFO] DbBoards:157 - Kit is not supported: STEVAL-BFA001V1B
2024-01-29 16:01:23,302 [INFO] BoardInfo:880 - No configuration file found for board STEVAL-BFA001V2B
2024-01-29 16:01:23,302 [INFO] DbBoards:157 - Kit is not supported: STEVAL-BFA001V2B
2024-01-29 16:01:23,306 [INFO] BoardInfo:880 - No configuration file found for board STEVAL-MKBOXPRO
2024-01-29 16:01:23,306 [INFO] DbBoards:157 - Board is not supported: STEVAL-MKBOXPRO
2024-01-29 16:01:23,309 [INFO] BoardInfo:880 - No configuration file found for board STEVAL-SMARTAG2
2024-01-29 16:01:23,309 [INFO] DbBoards:157 - Board is not supported: STEVAL-SMARTAG2
2024-01-29 16:01:23,408 [INFO] DbBoards:161 - Found 189 boards, 184 are supported
2024-01-29 16:01:23,410 [INFO] ApiDb:423 - Load user favorites file C:\Users\ADMIN/.stm32cubeide/favorites.boards.txt: 0 item(s)
2024-01-29 16:01:23,410 [INFO] ApiDb:427 - User favorites Boards=[]
2024-01-29 16:01:23,410 [INFO] DbBoards:190 - Set 0 / 0 favorites Boards
2024-01-29 16:01:23,411 [INFO] McuFinderGlobals:66 - Set McuFinderConnectedMode to true
2024-01-29 16:01:23,418 [INFO] MultiScanPanel:200 - Auto-refresh data requested => check proxy status ongoing
2024-01-29 16:01:23,421 [INFO] FinderPluginLoader:95 - Searching for filters in installed packs
2024-01-29 16:01:24,699 [INFO] LoadUrlFilesThread:185 - End of LoadServerUrlFiles without Thread
2024-01-29 16:01:24,717 [INFO] DetailPanel:341 - Set advertising image to C:/Users/ADMIN/STM32Cube/Repository/\en.prom-stm32wl3-mcu-finder.jpg
2024-01-29 16:01:35,314 [ERROR] LogOutputStream:75 - [STDERR_REDIRECT] SLF4J: Failed to load class "org.slf4j.impl.StaticLoggerBinder".
2024-01-29 16:01:35,315 [ERROR] LogOutputStream:75 - [STDERR_REDIRECT] SLF4J: Defaulting to no-operation (NOP) logger implementation
2024-01-29 16:01:35,316 [ERROR] LogOutputStream:75 - [STDERR_REDIRECT] SLF4J: See http://www.slf4j.org/codes.html#StaticLoggerBinder for further details.
2024-01-29 16:02:09,570 [INFO] MainUpdater:2854 - connection check result : 10
2024-01-29 16:02:09,570 [INFO] MainUpdater:2854 - connection check result : 10
2024-01-29 16:02:09,601 [INFO] MicroXplorer:468 - Change Database Path : 
2024-01-29 16:02:09,602 [INFO] MicroXplorer:498 - Change Database Version : DB.6.0.81
2024-01-29 16:02:09,603 [WARN] ThirdParty:871 - waiting for thirdparty lock release [close project]
2024-01-29 16:02:09,604 [INFO] ThirdParty:873 - entering critical section [close project]
2024-01-29 16:02:09,605 [INFO] ThirdParty:883 - exiting critical section [close project]
2024-01-29 16:02:09,611 [INFO] PinOutPanel:1499 - setPackage(No Configuration,No Configuration)
2024-01-29 16:02:09,620 [INFO] UtilMem:75 - Begin LoadConfig() Used Memory: 299423400 Bytes (380633088)
2024-01-29 16:02:09,622 [INFO] MicroXplorer:468 - Change Database Path : 
2024-01-29 16:02:09,622 [INFO] MicroXplorer:498 - Change Database Version : DB.6.0.81
2024-01-29 16:02:09,622 [INFO] OpenFileManager:308 - Change cursor
2024-01-29 16:02:09,781 [INFO] Mcu:1937 - Initializing MCU STM32F411VETx STM32F411VETx 
2024-01-29 16:02:09,782 [INFO] Mcu:1950 - No CPN specified => set CPN to STM32F411VET6
2024-01-29 16:02:11,376 [INFO] Context:659 - Trying to add GPIOservice into a context  which must be forbidden
2024-01-29 16:02:11,731 [INFO] ImportTextPane:194 - (OptionalMessage_ERROR) Unable to find key (Mcu.ThirdPartyNb) in loaded IOC file
2024-01-29 16:02:11,732 [INFO] ImportTextPane:194 - (OptionalMessage_ERROR) Unable to find key (Mcu.PinsNb) in loaded IOC file
2024-01-29 16:02:11,732 [INFO] ImportTextPane:194 - (OptionalMessage_ERROR) Unable to find key (Mcu.IPNb) in loaded IOC file
2024-01-29 16:02:11,956 [INFO] RtosManager:555 - Registered RTOS mode: class=CMSIS, group=RTOS, mode=CMSIS_V1, owner=FREERTOS
2024-01-29 16:02:11,956 [INFO] RtosManager:555 - Registered RTOS mode: class=CMSIS, group=RTOS2, mode=CMSIS_V2, owner=FREERTOS
2024-01-29 16:02:11,956 [INFO] RtosManager:555 - Registered RTOS mode: class=RTOS, group=Core, mode=CMSIS_V1, owner=FREERTOS
2024-01-29 16:02:11,956 [INFO] RtosManager:555 - Registered RTOS mode: class=RTOS, group=Core, mode=CMSIS_V2, owner=FREERTOS
2024-01-29 16:02:11,957 [WARN] ModelIntegratedComponent:184 - Missing modes for component STMicroelectronics:FreeRTOS:0.0.1:STMicroelectronics:RTOS:FreeRTOS:Core:::10.2.0:
2024-01-29 16:02:11,966 [WARN] ModelIntegratedComponent:182 - Modes not found for component STMicroelectronics:USB_HOST:1.0.0:STMicroelectronics:USB::USB Host:Audio HS::1.0:USB_HOST_1_0_RESTRICTED_HS
2024-01-29 16:02:11,966 [WARN] ModelIntegratedComponent:188 - Modes not found for component STMicroelectronics:USB_HOST:1.0.0:STMicroelectronics:USB::USB Host:Audio HS::1.0:USB_HOST_1_0_RESTRICTED_HS
2024-01-29 16:02:11,966 [WARN] ModelIntegratedComponent:182 - Modes not found for component STMicroelectronics:USB_HOST:1.0.0:STMicroelectronics:USB::USB Host:CDC HS::1.0:USB_HOST_1_0_RESTRICTED_HS
2024-01-29 16:02:11,966 [WARN] ModelIntegratedComponent:188 - Modes not found for component STMicroelectronics:USB_HOST:1.0.0:STMicroelectronics:USB::USB Host:CDC HS::1.0:USB_HOST_1_0_RESTRICTED_HS
2024-01-29 16:02:11,966 [WARN] ModelIntegratedComponent:182 - Modes not found for component STMicroelectronics:USB_HOST:1.0.0:STMicroelectronics:USB::USB Host:MSC HS::1.0:USB_HOST_1_0_RESTRICTED_HS
2024-01-29 16:02:11,966 [WARN] ModelIntegratedComponent:188 - Modes not found for component STMicroelectronics:USB_HOST:1.0.0:STMicroelectronics:USB::USB Host:MSC HS::1.0:USB_HOST_1_0_RESTRICTED_HS
2024-01-29 16:02:11,966 [WARN] ModelIntegratedComponent:182 - Modes not found for component STMicroelectronics:USB_HOST:1.0.0:STMicroelectronics:USB::USB Host:HID HS::1.0:USB_HOST_1_0_RESTRICTED_HS
2024-01-29 16:02:11,966 [WARN] ModelIntegratedComponent:188 - Modes not found for component STMicroelectronics:USB_HOST:1.0.0:STMicroelectronics:USB::USB Host:HID HS::1.0:USB_HOST_1_0_RESTRICTED_HS
2024-01-29 16:02:11,966 [WARN] ModelIntegratedComponent:182 - Modes not found for component STMicroelectronics:USB_HOST:1.0.0:STMicroelectronics:USB::USB Host:MTP HS::1.0:USB_HOST_1_0_RESTRICTED_HS
2024-01-29 16:02:11,966 [WARN] ModelIntegratedComponent:188 - Modes not found for component STMicroelectronics:USB_HOST:1.0.0:STMicroelectronics:USB::USB Host:MTP HS::1.0:USB_HOST_1_0_RESTRICTED_HS
2024-01-29 16:02:11,984 [WARN] ModelIntegratedComponent:63 - No mode defined for component null
2024-01-29 16:02:11,985 [WARN] ModelIntegratedComponent:63 - No mode defined for component null
2024-01-29 16:02:11,985 [WARN] ModelIntegratedComponent:63 - No mode defined for component null
2024-01-29 16:02:11,985 [WARN] ModelIntegratedComponent:63 - No mode defined for component null
2024-01-29 16:02:11,985 [WARN] ModelIntegratedComponent:63 - No mode defined for component null
2024-01-29 16:02:11,985 [WARN] ModelIntegratedComponent:63 - No mode defined for component null
2024-01-29 16:02:11,985 [WARN] ModelIntegratedComponent:63 - No mode defined for component null
2024-01-29 16:02:11,985 [WARN] ModelIntegratedComponent:63 - No mode defined for component null
2024-01-29 16:02:11,985 [WARN] ModelIntegratedComponent:63 - No mode defined for component null
2024-01-29 16:02:11,985 [WARN] ModelIntegratedComponent:63 - No mode defined for component null
2024-01-29 16:02:11,985 [WARN] ModelIntegratedComponent:63 - No mode defined for component null
2024-01-29 16:02:11,985 [WARN] ModelIntegratedComponent:63 - No mode defined for component null
2024-01-29 16:02:11,985 [WARN] ModelIntegratedComponent:63 - No mode defined for component null
2024-01-29 16:02:11,986 [WARN] ModelIntegratedComponent:63 - No mode defined for component null
2024-01-29 16:02:11,986 [WARN] ModelIntegratedComponent:63 - No mode defined for component null
2024-01-29 16:02:11,986 [WARN] ModelIntegratedComponent:63 - No mode defined for component null
2024-01-29 16:02:11,986 [WARN] ModelIntegratedComponent:63 - No mode defined for component null
2024-01-29 16:02:11,986 [WARN] ModelIntegratedComponent:63 - No mode defined for component null
2024-01-29 16:02:11,986 [WARN] ModelIntegratedComponent:63 - No mode defined for component null
2024-01-29 16:02:11,986 [WARN] ModelIntegratedComponent:63 - No mode defined for component null
2024-01-29 16:02:11,986 [WARN] ModelIntegratedComponent:63 - No mode defined for component null
2024-01-29 16:02:11,986 [WARN] ModelIntegratedComponent:63 - No mode defined for component null
2024-01-29 16:02:11,986 [WARN] ModelIntegratedComponent:63 - No mode defined for component null
2024-01-29 16:02:11,986 [WARN] ModelIntegratedComponent:63 - No mode defined for component null
2024-01-29 16:02:11,986 [WARN] ModelIntegratedComponent:63 - No mode defined for component null
2024-01-29 16:02:11,986 [WARN] ModelIntegratedComponent:63 - No mode defined for component null
2024-01-29 16:02:11,986 [WARN] ModelIntegratedComponent:63 - No mode defined for component null
2024-01-29 16:02:11,986 [WARN] ModelIntegratedComponent:63 - No mode defined for component null
2024-01-29 16:02:11,986 [WARN] ModelIntegratedComponent:63 - No mode defined for component null
2024-01-29 16:02:11,986 [WARN] ModelIntegratedComponent:63 - No mode defined for component null
2024-01-29 16:02:11,987 [WARN] ModelIntegratedComponent:63 - No mode defined for component null
2024-01-29 16:02:11,987 [WARN] ModelIntegratedComponent:63 - No mode defined for component null
2024-01-29 16:02:11,988 [WARN] ModelIntegratedComponent:63 - No mode defined for component null
2024-01-29 16:02:12,127 [WARN] ModelIntegratedComponent:182 - Modes not found for component STMicroelectronics:USB_DEVICE:1.0.0:STMicroelectronics:USB::USB Device:Audio HS::1.0:USB_DEVICE_1_0_RESTRICTED_HS
2024-01-29 16:02:12,127 [WARN] ModelIntegratedComponent:188 - Modes not found for component STMicroelectronics:USB_DEVICE:1.0.0:STMicroelectronics:USB::USB Device:Audio HS::1.0:USB_DEVICE_1_0_RESTRICTED_HS
2024-01-29 16:02:12,127 [WARN] ModelIntegratedComponent:182 - Modes not found for component STMicroelectronics:USB_DEVICE:1.0.0:STMicroelectronics:USB::USB Device:CDC HS::1.0:USB_DEVICE_1_0_RESTRICTED_HS
2024-01-29 16:02:12,127 [WARN] ModelIntegratedComponent:188 - Modes not found for component STMicroelectronics:USB_DEVICE:1.0.0:STMicroelectronics:USB::USB Device:CDC HS::1.0:USB_DEVICE_1_0_RESTRICTED_HS
2024-01-29 16:02:12,127 [WARN] ModelIntegratedComponent:182 - Modes not found for component STMicroelectronics:USB_DEVICE:1.0.0:STMicroelectronics:USB::USB Device:DFU HS::1.0:USB_DEVICE_1_0_RESTRICTED_HS
2024-01-29 16:02:12,127 [WARN] ModelIntegratedComponent:188 - Modes not found for component STMicroelectronics:USB_DEVICE:1.0.0:STMicroelectronics:USB::USB Device:DFU HS::1.0:USB_DEVICE_1_0_RESTRICTED_HS
2024-01-29 16:02:12,127 [WARN] ModelIntegratedComponent:182 - Modes not found for component STMicroelectronics:USB_DEVICE:1.0.0:STMicroelectronics:USB::USB Device:HID HS::1.0:USB_DEVICE_1_0_RESTRICTED_HS
2024-01-29 16:02:12,127 [WARN] ModelIntegratedComponent:188 - Modes not found for component STMicroelectronics:USB_DEVICE:1.0.0:STMicroelectronics:USB::USB Device:HID HS::1.0:USB_DEVICE_1_0_RESTRICTED_HS
2024-01-29 16:02:12,127 [WARN] ModelIntegratedComponent:182 - Modes not found for component STMicroelectronics:USB_DEVICE:1.0.0:STMicroelectronics:USB::USB Device:Custom HID HS::1.0:USB_DEVICE_1_0_RESTRICTED_HS
2024-01-29 16:02:12,127 [WARN] ModelIntegratedComponent:188 - Modes not found for component STMicroelectronics:USB_DEVICE:1.0.0:STMicroelectronics:USB::USB Device:Custom HID HS::1.0:USB_DEVICE_1_0_RESTRICTED_HS
2024-01-29 16:02:12,127 [WARN] ModelIntegratedComponent:182 - Modes not found for component STMicroelectronics:USB_DEVICE:1.0.0:STMicroelectronics:USB::USB Device:MSC HS::1.0:USB_DEVICE_1_0_RESTRICTED_HS
2024-01-29 16:02:12,128 [WARN] ModelIntegratedComponent:188 - Modes not found for component STMicroelectronics:USB_DEVICE:1.0.0:STMicroelectronics:USB::USB Device:MSC HS::1.0:USB_DEVICE_1_0_RESTRICTED_HS
2024-01-29 16:02:12,148 [INFO] ThirdPartyModel:298 - Start build external matchings
2024-01-29 16:02:13,081 [INFO] ThirdPartyModel:316 - End build external matchings
2024-01-29 16:02:13,378 [INFO] UtilMem:75 - End LoadConfig() Used Memory: 388256536 Bytes (470810624)
2024-01-29 16:02:13,403 [WARN] ThirdParty:833 - waiting for thirdparty lock release [change project]
2024-01-29 16:02:13,404 [INFO] ThirdParty:835 - entering critical section [change project]
2024-01-29 16:02:13,404 [INFO] ThirdParty:1030 - CMSIS Pack Vendor :STMicroelectronics X-CUBE-ISPU 1.1.0
2024-01-29 16:02:13,404 [INFO] ThirdParty:1030 - CMSIS Pack Vendor :STMicroelectronics X-CUBE-GNSS1 6.0.0
2024-01-29 16:02:13,404 [INFO] ThirdParty:1030 - CMSIS Pack Vendor :STMicroelectronics USB_HOST 2.0.0
2024-01-29 16:02:13,404 [INFO] ThirdParty:1030 - CMSIS Pack Vendor :STMicroelectronics X-CUBE-AZRTOS-F4 1.1.0
2024-01-29 16:02:13,404 [INFO] ThirdParty:1030 - CMSIS Pack Vendor :STMicroelectronics LIBJPEG 8.0.0
2024-01-29 16:02:13,404 [INFO] ThirdParty:1030 - CMSIS Pack Vendor :STMicroelectronics X-CUBE-SMBUS 2.1.0
2024-01-29 16:02:13,404 [INFO] ThirdParty:1030 - CMSIS Pack Vendor :wolfSSL I-CUBE-wolfSSL 5.6.0
2024-01-29 16:02:13,405 [INFO] ThirdParty:1030 - CMSIS Pack Vendor :STMicroelectronics USB_DEVICE 3.0.0
2024-01-29 16:02:13,405 [INFO] ThirdParty:1030 - CMSIS Pack Vendor :STMicroelectronics X-CUBE-AZRTOS-WB 2.0.0
2024-01-29 16:02:13,405 [INFO] ThirdParty:1030 - CMSIS Pack Vendor :STMicroelectronics X-CUBE-FREERTOS 1.0.1
2024-01-29 16:02:13,405 [INFO] ThirdParty:1030 - CMSIS Pack Vendor :STMicroelectronics X-CUBE-TOUCHGFX 4.23.0
2024-01-29 16:02:13,405 [INFO] ThirdParty:1030 - CMSIS Pack Vendor :STMicroelectronics X-CUBE-AZRTOS-F7 1.1.0
2024-01-29 16:02:13,405 [INFO] ThirdParty:1030 - CMSIS Pack Vendor :STMicroelectronics X-CUBE-TOUCHGFX 4.21.4
2024-01-29 16:02:13,405 [INFO] ThirdParty:1030 - CMSIS Pack Vendor :STMicroelectronics X-CUBE-AZRTOS-L5 2.0.0
2024-01-29 16:02:13,405 [INFO] ThirdParty:1030 - CMSIS Pack Vendor :STMicroelectronics USB_DEVICE 2.0.0
2024-01-29 16:02:13,405 [INFO] ThirdParty:1030 - CMSIS Pack Vendor :STMicroelectronics X-CUBE-MEMS1 9.6.0
2024-01-29 16:02:13,405 [INFO] ThirdParty:1030 - CMSIS Pack Vendor :STMicroelectronics X-CUBE-EEPRMA1 4.2.0
2024-01-29 16:02:13,405 [INFO] ThirdParty:1030 - CMSIS Pack Vendor :ITTIA_DB I-CUBE-ITTIADB 8.8.0
2024-01-29 16:02:13,405 [INFO] ThirdParty:1030 - CMSIS Pack Vendor :STMicroelectronics FP-SNS-MOTENV1 4.3.2
2024-01-29 16:02:13,405 [INFO] ThirdParty:1030 - CMSIS Pack Vendor :STMicroelectronics FP-SNS-MOTENV1 4.3.1
2024-01-29 16:02:13,405 [INFO] ThirdParty:1030 - CMSIS Pack Vendor :STMicroelectronics FP-SNS-FLIGHT1 5.0.1
2024-01-29 16:02:13,405 [INFO] ThirdParty:1030 - CMSIS Pack Vendor :STMicroelectronics X-CUBE-ALGOBUILD 1.3.0
2024-01-29 16:02:13,405 [INFO] ThirdParty:1030 - CMSIS Pack Vendor :STMicroelectronics X-CUBE-BLE1 6.2.4
2024-01-29 16:02:13,405 [INFO] ThirdParty:1030 - CMSIS Pack Vendor :STMicroelectronics X-CUBE-AZRTOS-L5 1.1.0
2024-01-29 16:02:13,405 [INFO] ThirdParty:1030 - CMSIS Pack Vendor :STMicroelectronics FreeRTOS 0.0.1
2024-01-29 16:02:13,405 [INFO] ThirdParty:1030 - CMSIS Pack Vendor :STMicroelectronics X-CUBE-AZRTOS-G0 1.1.0
2024-01-29 16:02:13,405 [INFO] ThirdParty:1030 - CMSIS Pack Vendor :emotas I-CUBE-CANOPEN 1.1.3
2024-01-29 16:02:13,405 [INFO] ThirdParty:1030 - CMSIS Pack Vendor :STMicroelectronics X-CUBE-BLEMGR 2.0.0
2024-01-29 16:02:13,405 [INFO] ThirdParty:1030 - CMSIS Pack Vendor :STMicroelectronics X-CUBE-AI 8.0.1
2024-01-29 16:02:13,405 [INFO] ThirdParty:1030 - CMSIS Pack Vendor :STMicroelectronics X-CUBE-NFC4 3.0.0
2024-01-29 16:02:13,405 [INFO] ThirdParty:1030 - CMSIS Pack Vendor :STMicroelectronics X-CUBE-SUBG2 5.0.0
2024-01-29 16:02:13,405 [INFO] ThirdParty:1030 - CMSIS Pack Vendor :STMicroelectronics STM32_WPAN 1.0.0
2024-01-29 16:02:13,405 [INFO] ThirdParty:1030 - CMSIS Pack Vendor :STMicroelectronics lwIP 2.0.3
2024-01-29 16:02:13,405 [INFO] ThirdParty:1030 - CMSIS Pack Vendor :STMicroelectronics FP-SNS-FLIGHT1 5.0.2
2024-01-29 16:02:13,407 [INFO] ThirdParty:1030 - CMSIS Pack Vendor :STMicroelectronics USB_HOST 1.0.0
2024-01-29 16:02:13,407 [INFO] ThirdParty:1030 - CMSIS Pack Vendor :STMicroelectronics X-CUBE-TOF1 3.3.1
2024-01-29 16:02:13,407 [INFO] ThirdParty:1030 - CMSIS Pack Vendor :STMicroelectronics X-CUBE-AZRTOS-G4 2.0.0
2024-01-29 16:02:13,407 [INFO] ThirdParty:1030 - CMSIS Pack Vendor :STMicroelectronics PDM2PCM 3.1.0
2024-01-29 16:02:13,407 [INFO] ThirdParty:1030 - CMSIS Pack Vendor :STMicroelectronics X-CUBE-AZRTOS-H7 3.1.0
2024-01-29 16:02:13,407 [INFO] ThirdParty:1030 - CMSIS Pack Vendor :STMicroelectronics X-CUBE-TOF1 3.3.0
2024-01-29 16:02:13,407 [INFO] ThirdParty:1030 - CMSIS Pack Vendor :Infineon AIROC-Wi-Fi-Bluetooth-STM32 1.5.1
2024-01-29 16:02:13,407 [INFO] ThirdParty:1030 - CMSIS Pack Vendor :STMicroelectronics PDM2PCM 3.3.0
2024-01-29 16:02:13,407 [INFO] ThirdParty:1030 - CMSIS Pack Vendor :STMicroelectronics X-CUBE-DISPLAY 3.0.0
2024-01-29 16:02:13,407 [INFO] ThirdParty:1030 - CMSIS Pack Vendor :STMicroelectronics FP-SNS-MOTENVWB1 1.3.0
2024-01-29 16:02:13,407 [INFO] ThirdParty:1030 - CMSIS Pack Vendor :STMicroelectronics FP-SNS-MOTENVWB1 1.3.1
2024-01-29 16:02:13,407 [INFO] ThirdParty:1030 - CMSIS Pack Vendor :STMicroelectronics X-CUBE-BLE1 7.0.0
2024-01-29 16:02:13,408 [INFO] ThirdParty:1030 - CMSIS Pack Vendor :STMicroelectronics FP-ATR-SIGFOX1 3.2.0
2024-01-29 16:02:13,408 [INFO] ThirdParty:1030 - CMSIS Pack Vendor :STMicroelectronics X-CUBE-ISPU 2.0.0
2024-01-29 16:02:13,408 [INFO] ThirdParty:1030 - CMSIS Pack Vendor :STMicroelectronics X-CUBE-EEPRMA1 5.1.0
2024-01-29 16:02:13,408 [INFO] ThirdParty:1030 - CMSIS Pack Vendor :STMicroelectronics HAL Drivers 0.0.0
2024-01-29 16:02:13,408 [INFO] ThirdParty:1030 - CMSIS Pack Vendor :STMicroelectronics MBEDTLS 2.16.2
2024-01-29 16:02:13,408 [INFO] ThirdParty:1030 - CMSIS Pack Vendor :STMicroelectronics X-CUBE-MEMS1 10.0.0
2024-01-29 16:02:13,408 [INFO] ThirdParty:1030 - CMSIS Pack Vendor :STMicroelectronics X-CUBE-FREERTOS 1.1.0
2024-01-29 16:02:13,408 [INFO] ThirdParty:1030 - CMSIS Pack Vendor :STMicroelectronics X-CUBE-TOUCHGFX 4.22.0
2024-01-29 16:02:13,408 [INFO] ThirdParty:1030 - CMSIS Pack Vendor :STMicroelectronics X-CUBE-NFC7 1.0.1
2024-01-29 16:02:13,408 [INFO] ThirdParty:1030 - CMSIS Pack Vendor :STMicroelectronics MBEDTLS 2.14.1
2024-01-29 16:02:13,408 [INFO] ThirdParty:1030 - CMSIS Pack Vendor :STMicroelectronics X-CUBE-NFC7 1.0.0
2024-01-29 16:02:13,408 [INFO] ThirdParty:1030 - CMSIS Pack Vendor :STMicroelectronics X-CUBE-TOUCHGFX 4.22.1
2024-01-29 16:02:13,408 [INFO] ThirdParty:1030 - CMSIS Pack Vendor :STMicroelectronics X-CUBE-NFC6 3.0.0
2024-01-29 16:02:13,408 [INFO] ThirdParty:1030 - CMSIS Pack Vendor :STMicroelectronics X-CUBE-EEPRMA1 4.1.0
2024-01-29 16:02:13,408 [INFO] ThirdParty:1030 - CMSIS Pack Vendor :portGmbH I-Cube-SoM-uGOAL 1.1.0
2024-01-29 16:02:13,408 [INFO] ThirdParty:1030 - CMSIS Pack Vendor :STMicroelectronics X-CUBE-ALS 1.0.1
2024-01-29 16:02:13,408 [INFO] ThirdParty:1030 - CMSIS Pack Vendor :STMicroelectronics ThreadX 1.0.0
2024-01-29 16:02:13,408 [INFO] ThirdParty:1030 - CMSIS Pack Vendor :STMicroelectronics FP-SNS-SMARTAG2 1.2.0
2024-01-29 16:02:13,408 [INFO] ThirdParty:1030 - CMSIS Pack Vendor :STMicroelectronics X-CUBE-AZRTOS-WB 1.1.0
2024-01-29 16:02:13,408 [INFO] ThirdParty:1030 - CMSIS Pack Vendor :STMicroelectronics X-CUBE-AZRTOS-WL 2.0.0
2024-01-29 16:02:13,408 [INFO] ThirdParty:1030 - CMSIS Pack Vendor :SEGGER I-CUBE-embOS 1.3.1
2024-01-29 16:02:13,408 [INFO] ThirdParty:1030 - CMSIS Pack Vendor :STMicroelectronics USB_DEVICE 1.0.0
2024-01-29 16:02:13,408 [INFO] ThirdParty:1030 - CMSIS Pack Vendor :STMicroelectronics X-CUBE-AI 8.1.0
2024-01-29 16:02:13,408 [INFO] ThirdParty:1030 - CMSIS Pack Vendor :STMicroelectronics X-CUBE-AZRTOS-L4 2.0.0
2024-01-29 16:02:13,409 [INFO] ThirdParty:1030 - CMSIS Pack Vendor :STMicroelectronics ThreadX 0.0.2
2024-01-29 16:02:13,409 [INFO] ThirdParty:1030 - CMSIS Pack Vendor :WES I-CUBE-Cesium 1.3.0
2024-01-29 16:02:13,409 [INFO] ThirdParty:1030 - CMSIS Pack Vendor :STMicroelectronics FP-ATR-ASTRA1 2.0.0
2024-01-29 16:02:13,409 [INFO] ThirdParty:1030 - CMSIS Pack Vendor :STMicroelectronics lwIP 2.1.2
2024-01-29 16:02:13,409 [INFO] ThirdParty:1030 - CMSIS Pack Vendor :STMicroelectronics X-CUBE-SFXS2LP1 4.0.0
2024-01-29 16:02:13,409 [INFO] ThirdParty:1030 - CMSIS Pack Vendor :STMicroelectronics X-CUBE-BLE2 3.3.0
2024-01-29 16:02:13,409 [INFO] ThirdParty:1030 - CMSIS Pack Vendor :STMicroelectronics X-CUBE-TOF1 3.4.0
2024-01-29 16:02:13,409 [INFO] ThirdParty:1030 - CMSIS Pack Vendor :STMicroelectronics X-CUBE-AZRTOS-H7 3.2.0
2024-01-29 16:02:13,409 [INFO] ThirdParty:1030 - CMSIS Pack Vendor :STMicroelectronics PDM2PCM 3.2.0
2024-01-29 16:02:13,409 [INFO] ThirdParty:841 - exiting critical section [change project]
2024-01-29 16:02:13,834 [INFO] PinOutPanel:1499 - setPackage(No Configuration,No Configuration)
2024-01-29 16:02:13,835 [INFO] PinOutPanel:1499 - setPackage(STM32F411VETx,LQFP100)
2024-01-29 16:02:14,432 [INFO] UtilMem:75 - Before build in PCC Used Memory: 384261248 Bytes (470810624)
2024-01-29 16:02:15,340 [INFO] UtilMem:75 - After build in PCC Used Memory: 397305856 Bytes (520093696)
2024-01-29 16:02:15,371 [INFO] IPUIPlugin:80 - create IPUIPlugin
2024-01-29 16:02:15,371 [INFO] IPUIPlugin:80 - create IPUIPlugin
2024-01-29 16:02:15,373 [INFO] IPUIPlugin:80 - create IPUIPlugin
2024-01-29 16:02:15,373 [INFO] IPUIPlugin:80 - create IPUIPlugin
2024-01-29 16:02:15,373 [INFO] IPUIPlugin:80 - create IPUIPlugin
2024-01-29 16:02:15,373 [INFO] IPUIPlugin:80 - create IPUIPlugin
2024-01-29 16:02:15,373 [INFO] IPUIPlugin:80 - create IPUIPlugin
2024-01-29 16:02:15,374 [INFO] IPUIPlugin:80 - create IPUIPlugin
2024-01-29 16:02:15,374 [INFO] IPUIPlugin:80 - create IPUIPlugin
2024-01-29 16:02:15,374 [INFO] IPUIPlugin:80 - create IPUIPlugin
2024-01-29 16:02:15,374 [INFO] IPUIPlugin:80 - create IPUIPlugin
2024-01-29 16:02:15,375 [INFO] IPUIPlugin:80 - create IPUIPlugin
2024-01-29 16:02:15,375 [INFO] IPUIPlugin:80 - create IPUIPlugin
2024-01-29 16:02:15,375 [INFO] IPUIPlugin:80 - create IPUIPlugin
2024-01-29 16:02:15,376 [INFO] IPUIPlugin:80 - create IPUIPlugin
2024-01-29 16:02:15,377 [INFO] IPUIPlugin:80 - create IPUIPlugin
2024-01-29 16:02:15,377 [INFO] IPUIPlugin:80 - create IPUIPlugin
2024-01-29 16:02:15,378 [INFO] IPUIPlugin:80 - create IPUIPlugin
2024-01-29 16:02:15,379 [INFO] IPUIPlugin:80 - create IPUIPlugin
2024-01-29 16:02:15,379 [INFO] IPUIPlugin:80 - create IPUIPlugin
2024-01-29 16:02:15,380 [INFO] IPUIPlugin:80 - create IPUIPlugin
2024-01-29 16:02:15,381 [INFO] IPUIPlugin:80 - create IPUIPlugin
2024-01-29 16:02:15,383 [INFO] IPUIPlugin:80 - create IPUIPlugin
2024-01-29 16:02:15,383 [INFO] IPUIPlugin:80 - create IPUIPlugin
2024-01-29 16:02:15,384 [INFO] IPUIPlugin:80 - create IPUIPlugin
2024-01-29 16:02:15,404 [INFO] IPUIPlugin:80 - create IPUIPlugin
2024-01-29 16:02:15,404 [INFO] IPUIPlugin:80 - create IPUIPlugin
2024-01-29 16:02:15,406 [INFO] IPUIPlugin:80 - create IPUIPlugin
2024-01-29 16:02:15,407 [INFO] IPUIPlugin:80 - create IPUIPlugin
2024-01-29 16:02:15,407 [INFO] IPUIPlugin:80 - create IPUIPlugin
2024-01-29 16:02:15,407 [INFO] IPUIPlugin:80 - create IPUIPlugin
2024-01-29 16:02:15,408 [INFO] IPUIPlugin:80 - create IPUIPlugin
2024-01-29 16:02:15,408 [INFO] IPUIPlugin:80 - create IPUIPlugin
2024-01-29 16:02:15,408 [INFO] IPUIPlugin:80 - create IPUIPlugin
2024-01-29 16:02:15,409 [INFO] IPUIPlugin:80 - create IPUIPlugin
2024-01-29 16:02:15,409 [INFO] IPUIPlugin:80 - create IPUIPlugin
2024-01-29 16:02:15,409 [INFO] IPUIPlugin:80 - create IPUIPlugin
2024-01-29 16:02:15,409 [INFO] IPUIPlugin:80 - create IPUIPlugin
2024-01-29 16:02:15,410 [INFO] IPUIPlugin:80 - create IPUIPlugin
2024-01-29 16:02:15,410 [INFO] IPUIPlugin:80 - create IPUIPlugin
2024-01-29 16:02:15,412 [INFO] IPUIPlugin:80 - create IPUIPlugin
2024-01-29 16:02:15,412 [INFO] IPUIPlugin:80 - create IPUIPlugin
2024-01-29 16:02:15,413 [INFO] IPUIPlugin:80 - create IPUIPlugin
2024-01-29 16:02:15,516 [INFO] ApiDbMcu:507 - Load IP Config File for PDM2PCM
2024-01-29 16:02:15,732 [INFO] CADModel:165 - CPN selected for project levelSTM32F411VET6
2024-01-29 16:02:15,732 [INFO] CADModel:114 - Register for checkConnection events
2024-01-29 16:02:15,789 [INFO] OpenFileManager:328 - Restore cursor
2024-01-29 16:02:16,492 [INFO] UtilMem:75 - End SaveConfig() Used Memory: 417846640 Bytes (520093696)
2024-01-29 16:02:16,553 [INFO] UtilMem:75 - End SaveConfig() Used Memory: 435179936 Bytes (520093696)
2024-01-29 16:02:17,245 [INFO] BlockDiagram:2759 - set Specific Code input for plugin: NVIC
2024-01-29 16:02:17,246 [INFO] BlockDiagram:2759 - set Specific Code input for plugin: RCC
2024-01-29 16:02:17,248 [INFO] CodeGenerator:793 - code generatio: config db path: C:\ST\STM32CubeIDE_1.12.1\STM32CubeIDE\plugins\com.st.stm32cube.common.mx_6.8.1.202304191431\\db\
2024-01-29 16:02:17,747 [INFO] CodeEngine:255 - oldGeneratedFile, C:\Users\ADMIN\Desktop\Custom_bootloader\F411_APP_USER\MXTmpFiles\license.tmp_save
2024-01-29 16:02:18,273 [INFO] CodeEngine:279 - Generated code: C:\Users\ADMIN\Desktop\Custom_bootloader\F411_APP_USER\MXTmpFiles\license.tmp
2024-01-29 16:02:18,289 [INFO] CodeEngine:255 - oldGeneratedFile, C:\Users\ADMIN\Desktop\Custom_bootloader\F411_APP_USER\Core\Src\stm32f4xx_it.c_save
2024-01-29 16:02:18,470 [INFO] CodeEngine:279 - Generated code: C:\Users\ADMIN\Desktop\Custom_bootloader\F411_APP_USER\Core\Src\stm32f4xx_it.c
2024-01-29 16:02:18,476 [INFO] CodeEngine:255 - oldGeneratedFile, C:\Users\ADMIN\Desktop\Custom_bootloader\F411_APP_USER\Core\Inc\stm32f4xx_it.h_save
2024-01-29 16:02:18,645 [INFO] CodeEngine:279 - Generated code: C:\Users\ADMIN\Desktop\Custom_bootloader\F411_APP_USER\Core\Inc\stm32f4xx_it.h
2024-01-29 16:02:18,731 [INFO] CodeEngine:255 - oldGeneratedFile, C:\Users\ADMIN\Desktop\Custom_bootloader\F411_APP_USER\Core\Src\stm32f4xx_hal_msp.c_save
2024-01-29 16:02:18,941 [INFO] CodeEngine:279 - Generated code: C:\Users\ADMIN\Desktop\Custom_bootloader\F411_APP_USER\Core\Src\stm32f4xx_hal_msp.c
2024-01-29 16:02:18,947 [INFO] CodeEngine:255 - oldGeneratedFile, C:\Users\ADMIN\Desktop\Custom_bootloader\F411_APP_USER\MXTmpFiles\system.tmp_save
2024-01-29 16:02:19,103 [INFO] CodeEngine:279 - Generated code: C:\Users\ADMIN\Desktop\Custom_bootloader\F411_APP_USER\MXTmpFiles\system.tmp
2024-01-29 16:02:19,117 [INFO] CodeEngine:311 - oldGeneratedFile, C:\Users\ADMIN\Desktop\Custom_bootloader\F411_APP_USER\Core\Inc\stm32f4xx_hal_conf.h_save
2024-01-29 16:02:19,284 [INFO] CodeEngine:335 - Generated code: C:\Users\ADMIN\Desktop\Custom_bootloader\F411_APP_USER\Core\Inc\stm32f4xx_hal_conf.h
2024-01-29 16:02:19,359 [INFO] CodeEngine:255 - oldGeneratedFile, C:\Users\ADMIN\Desktop\Custom_bootloader\F411_APP_USER\Core\Inc\main.h_save
2024-01-29 16:02:19,510 [INFO] CodeEngine:279 - Generated code: C:\Users\ADMIN\Desktop\Custom_bootloader\F411_APP_USER\Core\Inc\main.h
2024-01-29 16:02:19,514 [INFO] CodeEngine:255 - oldGeneratedFile, C:\Users\ADMIN\Desktop\Custom_bootloader\F411_APP_USER\Core\Src\main.c_save
2024-01-29 16:02:19,673 [INFO] CodeEngine:279 - Generated code: C:\Users\ADMIN\Desktop\Custom_bootloader\F411_APP_USER\Core\Src\main.c
2024-01-29 16:02:20,583 [INFO] ProjectBuilder:2996 - Time for Copy HAL[1] : 232mS.
2024-01-29 16:02:20,603 [INFO] ProjectBuilder:4304 - Project Generator version: 3.19.2
2024-01-29 16:02:21,098 [INFO] ConfigFileManager:1483 - The Die is : DIE431
2024-01-29 16:02:21,123 [INFO] ApiDbMcu:507 - Load IP Config File for FATFS
2024-01-29 16:02:21,199 [INFO] ApiDbMcu:507 - Load IP Config File for FREERTOS
2024-01-29 16:02:21,205 [INFO] ApiDbMcu:507 - Load IP Config File for LIBJPEG
2024-01-29 16:02:21,245 [INFO] ApiDbMcu:507 - Load IP Config File for MBEDTLS
2024-01-29 16:02:21,301 [INFO] ApiDbMcu:507 - Load IP Config File for USB_DEVICE
2024-01-29 16:02:21,313 [INFO] ApiDbMcu:507 - Load IP Config File for USB_HOST
2024-01-29 16:02:22,330 [INFO] LogOutputStream:77 - [STDOUT_REDIRECT] 
2024-01-29 16:02:25,709 [INFO] ProjectBuilder:4505 - Time for Generating toolchain IDE Files: 5106mS.
2024-01-29 16:02:25,711 [INFO] ProjectBuilder:2867 - Time for Copy CMSIS : 1mS.
2024-01-29 16:02:25,713 [INFO] ProjectBuilder:2867 - Time for Copy CMSIS : 0mS.
2024-01-29 16:02:26,869 [INFO] McuFinderGlobals:66 - Set McuFinderConnectedMode to true
2024-01-29 16:02:26,872 [INFO] ApiDb:448 - Save user favorites file C:\Users\ADMIN/.stm32cubeide/favorites.mcus.txt: 0 item(s)
2024-01-29 16:02:26,873 [INFO] ApiDb:452 - User favorites MCUs=[]
2024-01-29 16:02:40,436 [INFO] Gpio:273 - dependency for GPIO [RCC]
2024-01-29 16:02:44,830 [INFO] Gpio:273 - dependency for GPIO [RCC]
2024-01-29 16:03:10,492 [INFO] Gpio:273 - dependency for GPIO [RCC, SYS]
2024-01-29 16:03:32,941 [INFO] UtilMem:75 - End SaveConfig() Used Memory: 607460784 Bytes (875560960)
2024-01-29 16:03:36,998 [INFO] UtilMem:75 - End SaveConfig() Used Memory: 602123200 Bytes (875560960)
2024-01-29 16:03:37,389 [INFO] BlockDiagram:2759 - set Specific Code input for plugin: NVIC
2024-01-29 16:03:37,389 [INFO] BlockDiagram:2759 - set Specific Code input for plugin: USART
2024-01-29 16:03:37,389 [INFO] BlockDiagram:2759 - set Specific Code input for plugin: SYS
2024-01-29 16:03:37,389 [INFO] BlockDiagram:2759 - set Specific Code input for plugin: GPIO
2024-01-29 16:03:37,390 [INFO] BlockDiagram:2759 - set Specific Code input for plugin: RCC
2024-01-29 16:03:37,391 [INFO] CodeGenerator:793 - code generatio: config db path: C:\ST\STM32CubeIDE_1.12.1\STM32CubeIDE\plugins\com.st.stm32cube.common.mx_6.8.1.202304191431\\db\
2024-01-29 16:03:37,591 [INFO] CodeEngine:255 - oldGeneratedFile, C:\Users\ADMIN\Desktop\Custom_bootloader\F411_APP_USER\MXTmpFiles\license.tmp_save
2024-01-29 16:03:37,700 [INFO] CodeEngine:279 - Generated code: C:\Users\ADMIN\Desktop\Custom_bootloader\F411_APP_USER\MXTmpFiles\license.tmp
2024-01-29 16:03:37,746 [INFO] CodeEngine:255 - oldGeneratedFile, C:\Users\ADMIN\Desktop\Custom_bootloader\F411_APP_USER\MXTmpFiles\gpio.tmp_save
2024-01-29 16:03:37,884 [INFO] CodeEngine:279 - Generated code: C:\Users\ADMIN\Desktop\Custom_bootloader\F411_APP_USER\MXTmpFiles\gpio.tmp
2024-01-29 16:03:37,979 [INFO] CodeEngine:255 - oldGeneratedFile, C:\Users\ADMIN\Desktop\Custom_bootloader\F411_APP_USER\Core\Src\stm32f4xx_it.c_save
2024-01-29 16:03:38,111 [INFO] CodeEngine:279 - Generated code: C:\Users\ADMIN\Desktop\Custom_bootloader\F411_APP_USER\Core\Src\stm32f4xx_it.c
2024-01-29 16:03:38,119 [INFO] CodeEngine:255 - oldGeneratedFile, C:\Users\ADMIN\Desktop\Custom_bootloader\F411_APP_USER\Core\Inc\stm32f4xx_it.h_save
2024-01-29 16:03:38,206 [INFO] CodeEngine:279 - Generated code: C:\Users\ADMIN\Desktop\Custom_bootloader\F411_APP_USER\Core\Inc\stm32f4xx_it.h
2024-01-29 16:03:38,235 [INFO] CodeEngine:255 - oldGeneratedFile, C:\Users\ADMIN\Desktop\Custom_bootloader\F411_APP_USER\Core\Src\stm32f4xx_hal_msp.c_save
2024-01-29 16:03:38,388 [INFO] CodeEngine:279 - Generated code: C:\Users\ADMIN\Desktop\Custom_bootloader\F411_APP_USER\Core\Src\stm32f4xx_hal_msp.c
2024-01-29 16:03:38,394 [INFO] CodeEngine:255 - oldGeneratedFile, C:\Users\ADMIN\Desktop\Custom_bootloader\F411_APP_USER\MXTmpFiles\system.tmp_save
2024-01-29 16:03:38,489 [INFO] CodeEngine:279 - Generated code: C:\Users\ADMIN\Desktop\Custom_bootloader\F411_APP_USER\MXTmpFiles\system.tmp
2024-01-29 16:03:38,517 [INFO] CodeEngine:311 - oldGeneratedFile, C:\Users\ADMIN\Desktop\Custom_bootloader\F411_APP_USER\Core\Inc\stm32f4xx_hal_conf.h_save
2024-01-29 16:03:38,651 [INFO] CodeEngine:335 - Generated code: C:\Users\ADMIN\Desktop\Custom_bootloader\F411_APP_USER\Core\Inc\stm32f4xx_hal_conf.h
2024-01-29 16:03:38,734 [INFO] CodeEngine:255 - oldGeneratedFile, C:\Users\ADMIN\Desktop\Custom_bootloader\F411_APP_USER\Core\Inc\main.h_save
2024-01-29 16:03:38,899 [INFO] CodeEngine:279 - Generated code: C:\Users\ADMIN\Desktop\Custom_bootloader\F411_APP_USER\Core\Inc\main.h
2024-01-29 16:03:38,915 [INFO] CodeEngine:255 - oldGeneratedFile, C:\Users\ADMIN\Desktop\Custom_bootloader\F411_APP_USER\Core\Src\main.c_save
2024-01-29 16:03:39,071 [INFO] CodeEngine:279 - Generated code: C:\Users\ADMIN\Desktop\Custom_bootloader\F411_APP_USER\Core\Src\main.c
2024-01-29 16:03:39,791 [INFO] ProjectBuilder:2996 - Time for Copy HAL[1] : 172mS.
2024-01-29 16:03:39,795 [INFO] ProjectBuilder:4304 - Project Generator version: 3.19.2
2024-01-29 16:03:40,171 [INFO] ConfigFileManager:1483 - The Die is : DIE431
2024-01-29 16:03:41,688 [INFO] ProjectBuilder:4505 - Time for Generating toolchain IDE Files: 1893mS.
2024-01-29 16:03:41,689 [INFO] ProjectBuilder:2867 - Time for Copy CMSIS : 1mS.
2024-01-29 16:03:41,691 [INFO] ProjectBuilder:2867 - Time for Copy CMSIS : 0mS.
